{"__type":"$$EventMessageAudit","id":"c5843829-f1de-4e0f-b20e-ad21ad06d669","ts":"2025-07-03T19:06:26.088+00:00","eventName":"n8n.audit.workflow.updated","message":"n8n.audit.workflow.updated","payload":{"userId":"ef40746b-8a5c-41b0-a34d-f3914bf407bf","_email":"dindyalsingh2310@gmail.com","_firstName":"Dindayal","_lastName":"Singh","globalRole":"global:owner","workflowId":"FmIjJypmZdxYzrw6","workflowName":"PR Detection"}}
{"__type":"$$EventMessageConfirm","confirm":"c5843829-f1de-4e0f-b20e-ad21ad06d669","ts":"2025-07-03T19:06:26.089+00:00","source":{"id":"0","name":"eventBus"}}
{"__type":"$$EventMessageAudit","id":"19406012-ff61-4f24-9f74-9b6e2c892e88","ts":"2025-07-03T19:09:55.471+00:00","eventName":"n8n.audit.user.credentials.created","message":"n8n.audit.user.credentials.created","payload":{"userId":"ef40746b-8a5c-41b0-a34d-f3914bf407bf","_email":"dindyalsingh2310@gmail.com","_firstName":"Dindayal","_lastName":"Singh","globalRole":"global:owner","credentialType":"httpHeaderAuth","credentialId":"8TlwEdowUIURPi02","publicApi":false,"projectId":"I7sxdLno5FSvgflD","projectType":"personal"}}
{"__type":"$$EventMessageConfirm","confirm":"19406012-ff61-4f24-9f74-9b6e2c892e88","ts":"2025-07-03T19:09:55.472+00:00","source":{"id":"0","name":"eventBus"}}
{"__type":"$$EventMessageAudit","id":"4cb55dcc-4aea-4e69-82f0-a37bbc4a6609","ts":"2025-07-03T19:10:17.397+00:00","eventName":"n8n.audit.workflow.created","message":"n8n.audit.workflow.created","payload":{"userId":"ef40746b-8a5c-41b0-a34d-f3914bf407bf","_email":"dindyalsingh2310@gmail.com","_firstName":"Dindayal","_lastName":"Singh","globalRole":"global:owner","workflowId":"QcG25WCq5PG10Bcc","workflowName":"My workflow"}}
{"__type":"$$EventMessageConfirm","confirm":"4cb55dcc-4aea-4e69-82f0-a37bbc4a6609","ts":"2025-07-03T19:10:17.398+00:00","source":{"id":"0","name":"eventBus"}}
{"__type":"$$EventMessageAudit","id":"874490ef-f5b2-4c2d-b21f-017bc253137d","ts":"2025-07-03T15:13:07.964-04:00","eventName":"n8n.audit.workflow.updated","message":"n8n.audit.workflow.updated","payload":{"userId":"ef40746b-8a5c-41b0-a34d-f3914bf407bf","_email":"dindyalsingh2310@gmail.com","_firstName":"Dindayal","_lastName":"Singh","globalRole":"global:owner","workflowId":"QcG25WCq5PG10Bcc","workflowName":"My workflow"}}
{"__type":"$$EventMessageConfirm","confirm":"874490ef-f5b2-4c2d-b21f-017bc253137d","ts":"2025-07-03T15:13:07.967-04:00","source":{"id":"0","name":"eventBus"}}
{"__type":"$$EventMessageWorkflow","id":"fe37a39e-14d2-4670-a67e-e39f724f519d","ts":"2025-07-03T15:16:04.030-04:00","eventName":"n8n.workflow.started","message":"n8n.workflow.started","payload":{"executionId":"1","workflowId":"QcG25WCq5PG10Bcc","isManual":false,"workflowName":"My workflow"}}
{"__type":"$$EventMessageConfirm","confirm":"fe37a39e-14d2-4670-a67e-e39f724f519d","ts":"2025-07-03T15:16:04.031-04:00","source":{"id":"0","name":"eventBus"}}
{"__type":"$$EventMessageNode","id":"869a7365-917b-4f20-b28d-0da407fd0bde","ts":"2025-07-03T15:16:04.041-04:00","eventName":"n8n.node.started","message":"n8n.node.started","payload":{"workflowId":"QcG25WCq5PG10Bcc","workflowName":"My workflow","executionId":"1","nodeType":"n8n-nodes-base.webhook","nodeName":"Webhook","nodeId":"99aec541-99f9-4002-b72e-11140c5e08ee"}}
{"__type":"$$EventMessageConfirm","confirm":"869a7365-917b-4f20-b28d-0da407fd0bde","ts":"2025-07-03T15:16:04.041-04:00","source":{"id":"0","name":"eventBus"}}
{"__type":"$$EventMessageNode","id":"ca70068f-2818-48db-a0fd-983b8b29f70a","ts":"2025-07-03T15:16:04.045-04:00","eventName":"n8n.node.finished","message":"n8n.node.finished","payload":{"workflowId":"QcG25WCq5PG10Bcc","workflowName":"My workflow","executionId":"1","nodeType":"n8n-nodes-base.webhook","nodeName":"Webhook","nodeId":"99aec541-99f9-4002-b72e-11140c5e08ee"}}
{"__type":"$$EventMessageConfirm","confirm":"ca70068f-2818-48db-a0fd-983b8b29f70a","ts":"2025-07-03T15:16:04.045-04:00","source":{"id":"0","name":"eventBus"}}
{"__type":"$$EventMessageNode","id":"e656b0f0-12e1-4432-9df5-11ff7bc3f57e","ts":"2025-07-03T15:16:04.056-04:00","eventName":"n8n.node.started","message":"n8n.node.started","payload":{"workflowId":"QcG25WCq5PG10Bcc","workflowName":"My workflow","executionId":"1","nodeType":"n8n-nodes-base.httpRequest","nodeName":"HTTP Request","nodeId":"e8defa64-1291-4843-b25c-ef3bca31d899"}}
{"__type":"$$EventMessageConfirm","confirm":"e656b0f0-12e1-4432-9df5-11ff7bc3f57e","ts":"2025-07-03T15:16:04.057-04:00","source":{"id":"0","name":"eventBus"}}
{"__type":"$$EventMessageNode","id":"50e2fc6d-f6e6-4429-b3fd-061ee70c3f9a","ts":"2025-07-03T15:16:04.784-04:00","eventName":"n8n.node.finished","message":"n8n.node.finished","payload":{"workflowId":"QcG25WCq5PG10Bcc","workflowName":"My workflow","executionId":"1","nodeType":"n8n-nodes-base.httpRequest","nodeName":"HTTP Request","nodeId":"e8defa64-1291-4843-b25c-ef3bca31d899"}}
{"__type":"$$EventMessageConfirm","confirm":"50e2fc6d-f6e6-4429-b3fd-061ee70c3f9a","ts":"2025-07-03T15:16:04.785-04:00","source":{"id":"0","name":"eventBus"}}
{"__type":"$$EventMessageWorkflow","id":"985e58b0-550c-4e2c-945e-9b5b71c28d92","ts":"2025-07-03T15:16:04.789-04:00","eventName":"n8n.workflow.failed","message":"n8n.workflow.failed","payload":{"executionId":"1","success":false,"isManual":false,"workflowId":"QcG25WCq5PG10Bcc","workflowName":"My workflow","lastNodeExecuted":"HTTP Request","errorNodeType":"n8n-nodes-base.httpRequest","errorMessage":"Invalid URL"}}
{"__type":"$$EventMessageConfirm","confirm":"985e58b0-550c-4e2c-945e-9b5b71c28d92","ts":"2025-07-03T15:16:04.790-04:00","source":{"id":"0","name":"eventBus"}}
{"__type":"$$EventMessageWorkflow","id":"28d62a21-6c1f-48f8-8873-5fbb0a06f062","ts":"2025-07-03T15:16:06.406-04:00","eventName":"n8n.workflow.started","message":"n8n.workflow.started","payload":{"executionId":"2","workflowId":"QcG25WCq5PG10Bcc","isManual":false,"workflowName":"My workflow"}}
{"__type":"$$EventMessageConfirm","confirm":"28d62a21-6c1f-48f8-8873-5fbb0a06f062","ts":"2025-07-03T15:16:06.406-04:00","source":{"id":"0","name":"eventBus"}}
{"__type":"$$EventMessageNode","id":"c151a735-f34b-4454-9518-8916963ae55f","ts":"2025-07-03T15:16:06.407-04:00","eventName":"n8n.node.started","message":"n8n.node.started","payload":{"workflowId":"QcG25WCq5PG10Bcc","workflowName":"My workflow","executionId":"2","nodeType":"n8n-nodes-base.webhook","nodeName":"Webhook","nodeId":"99aec541-99f9-4002-b72e-11140c5e08ee"}}
{"__type":"$$EventMessageConfirm","confirm":"c151a735-f34b-4454-9518-8916963ae55f","ts":"2025-07-03T15:16:06.407-04:00","source":{"id":"0","name":"eventBus"}}
{"__type":"$$EventMessageNode","id":"825cd533-2ab9-48b4-a7fc-35080bec60f7","ts":"2025-07-03T15:16:06.408-04:00","eventName":"n8n.node.finished","message":"n8n.node.finished","payload":{"workflowId":"QcG25WCq5PG10Bcc","workflowName":"My workflow","executionId":"2","nodeType":"n8n-nodes-base.webhook","nodeName":"Webhook","nodeId":"99aec541-99f9-4002-b72e-11140c5e08ee"}}
{"__type":"$$EventMessageConfirm","confirm":"825cd533-2ab9-48b4-a7fc-35080bec60f7","ts":"2025-07-03T15:16:06.408-04:00","source":{"id":"0","name":"eventBus"}}
{"__type":"$$EventMessageNode","id":"44381894-bea7-405b-81d7-415cbbbf3c9c","ts":"2025-07-03T15:16:06.409-04:00","eventName":"n8n.node.started","message":"n8n.node.started","payload":{"workflowId":"QcG25WCq5PG10Bcc","workflowName":"My workflow","executionId":"2","nodeType":"n8n-nodes-base.httpRequest","nodeName":"HTTP Request","nodeId":"e8defa64-1291-4843-b25c-ef3bca31d899"}}
{"__type":"$$EventMessageConfirm","confirm":"44381894-bea7-405b-81d7-415cbbbf3c9c","ts":"2025-07-03T15:16:06.409-04:00","source":{"id":"0","name":"eventBus"}}
{"__type":"$$EventMessageNode","id":"47de4360-1370-4f7c-960b-89654e561f14","ts":"2025-07-03T15:16:06.440-04:00","eventName":"n8n.node.finished","message":"n8n.node.finished","payload":{"workflowId":"QcG25WCq5PG10Bcc","workflowName":"My workflow","executionId":"2","nodeType":"n8n-nodes-base.httpRequest","nodeName":"HTTP Request","nodeId":"e8defa64-1291-4843-b25c-ef3bca31d899"}}
{"__type":"$$EventMessageConfirm","confirm":"47de4360-1370-4f7c-960b-89654e561f14","ts":"2025-07-03T15:16:06.440-04:00","source":{"id":"0","name":"eventBus"}}
{"__type":"$$EventMessageWorkflow","id":"882a77d6-33cf-421d-8cbd-4501480252eb","ts":"2025-07-03T15:16:06.441-04:00","eventName":"n8n.workflow.failed","message":"n8n.workflow.failed","payload":{"executionId":"2","success":false,"isManual":false,"workflowId":"QcG25WCq5PG10Bcc","workflowName":"My workflow","lastNodeExecuted":"HTTP Request","errorNodeType":"n8n-nodes-base.httpRequest","errorMessage":"Invalid URL"}}
{"__type":"$$EventMessageConfirm","confirm":"882a77d6-33cf-421d-8cbd-4501480252eb","ts":"2025-07-03T15:16:06.441-04:00","source":{"id":"0","name":"eventBus"}}
{"__type":"$$EventMessageWorkflow","id":"ba2097f3-3312-4667-a1b9-70cb8d224a17","ts":"2025-07-03T15:16:31.409-04:00","eventName":"n8n.workflow.started","message":"n8n.workflow.started","payload":{"executionId":"3","workflowId":"QcG25WCq5PG10Bcc","isManual":false,"workflowName":"My workflow"}}
{"__type":"$$EventMessageConfirm","confirm":"ba2097f3-3312-4667-a1b9-70cb8d224a17","ts":"2025-07-03T15:16:31.410-04:00","source":{"id":"0","name":"eventBus"}}
{"__type":"$$EventMessageNode","id":"64e9c5ff-d06c-49be-bd95-d44999f8e6c6","ts":"2025-07-03T15:16:31.411-04:00","eventName":"n8n.node.started","message":"n8n.node.started","payload":{"workflowId":"QcG25WCq5PG10Bcc","workflowName":"My workflow","executionId":"3","nodeType":"n8n-nodes-base.webhook","nodeName":"Webhook","nodeId":"99aec541-99f9-4002-b72e-11140c5e08ee"}}
{"__type":"$$EventMessageConfirm","confirm":"64e9c5ff-d06c-49be-bd95-d44999f8e6c6","ts":"2025-07-03T15:16:31.411-04:00","source":{"id":"0","name":"eventBus"}}
{"__type":"$$EventMessageNode","id":"83d70d21-fd73-46e1-93be-16b462d0e909","ts":"2025-07-03T15:16:31.412-04:00","eventName":"n8n.node.finished","message":"n8n.node.finished","payload":{"workflowId":"QcG25WCq5PG10Bcc","workflowName":"My workflow","executionId":"3","nodeType":"n8n-nodes-base.webhook","nodeName":"Webhook","nodeId":"99aec541-99f9-4002-b72e-11140c5e08ee"}}
{"__type":"$$EventMessageConfirm","confirm":"83d70d21-fd73-46e1-93be-16b462d0e909","ts":"2025-07-03T15:16:31.413-04:00","source":{"id":"0","name":"eventBus"}}
{"__type":"$$EventMessageNode","id":"57c5ffa1-c40b-4cc6-873b-c914f49137be","ts":"2025-07-03T15:16:31.413-04:00","eventName":"n8n.node.started","message":"n8n.node.started","payload":{"workflowId":"QcG25WCq5PG10Bcc","workflowName":"My workflow","executionId":"3","nodeType":"n8n-nodes-base.httpRequest","nodeName":"HTTP Request","nodeId":"e8defa64-1291-4843-b25c-ef3bca31d899"}}
{"__type":"$$EventMessageConfirm","confirm":"57c5ffa1-c40b-4cc6-873b-c914f49137be","ts":"2025-07-03T15:16:31.413-04:00","source":{"id":"0","name":"eventBus"}}
{"__type":"$$EventMessageNode","id":"57601bbe-b878-4eb9-9bdd-d5f05d21beed","ts":"2025-07-03T15:16:31.468-04:00","eventName":"n8n.node.finished","message":"n8n.node.finished","payload":{"workflowId":"QcG25WCq5PG10Bcc","workflowName":"My workflow","executionId":"3","nodeType":"n8n-nodes-base.httpRequest","nodeName":"HTTP Request","nodeId":"e8defa64-1291-4843-b25c-ef3bca31d899"}}
{"__type":"$$EventMessageConfirm","confirm":"57601bbe-b878-4eb9-9bdd-d5f05d21beed","ts":"2025-07-03T15:16:31.468-04:00","source":{"id":"0","name":"eventBus"}}
{"__type":"$$EventMessageWorkflow","id":"abb7db77-6b6c-49a6-88f6-1d0be11fbd08","ts":"2025-07-03T15:16:31.469-04:00","eventName":"n8n.workflow.failed","message":"n8n.workflow.failed","payload":{"executionId":"3","success":false,"isManual":false,"workflowId":"QcG25WCq5PG10Bcc","workflowName":"My workflow","lastNodeExecuted":"HTTP Request","errorNodeType":"n8n-nodes-base.httpRequest","errorMessage":"Invalid URL"}}
{"__type":"$$EventMessageConfirm","confirm":"abb7db77-6b6c-49a6-88f6-1d0be11fbd08","ts":"2025-07-03T15:16:31.469-04:00","source":{"id":"0","name":"eventBus"}}
{"__type":"$$EventMessageWorkflow","id":"008046d3-7ae1-406d-9266-ef5eb2a954d8","ts":"2025-07-03T15:16:47.233-04:00","eventName":"n8n.workflow.started","message":"n8n.workflow.started","payload":{"executionId":"4","workflowId":"QcG25WCq5PG10Bcc","isManual":false,"workflowName":"My workflow"}}
{"__type":"$$EventMessageConfirm","confirm":"008046d3-7ae1-406d-9266-ef5eb2a954d8","ts":"2025-07-03T15:16:47.234-04:00","source":{"id":"0","name":"eventBus"}}
{"__type":"$$EventMessageNode","id":"bd9f53c6-a475-4757-82fc-25f758aac3df","ts":"2025-07-03T15:16:47.234-04:00","eventName":"n8n.node.started","message":"n8n.node.started","payload":{"workflowId":"QcG25WCq5PG10Bcc","workflowName":"My workflow","executionId":"4","nodeType":"n8n-nodes-base.webhook","nodeName":"Webhook","nodeId":"99aec541-99f9-4002-b72e-11140c5e08ee"}}
{"__type":"$$EventMessageConfirm","confirm":"bd9f53c6-a475-4757-82fc-25f758aac3df","ts":"2025-07-03T15:16:47.234-04:00","source":{"id":"0","name":"eventBus"}}
{"__type":"$$EventMessageNode","id":"b8ee7bb4-3d41-4e14-abb3-88bab09744c1","ts":"2025-07-03T15:16:47.237-04:00","eventName":"n8n.node.finished","message":"n8n.node.finished","payload":{"workflowId":"QcG25WCq5PG10Bcc","workflowName":"My workflow","executionId":"4","nodeType":"n8n-nodes-base.webhook","nodeName":"Webhook","nodeId":"99aec541-99f9-4002-b72e-11140c5e08ee"}}
{"__type":"$$EventMessageConfirm","confirm":"b8ee7bb4-3d41-4e14-abb3-88bab09744c1","ts":"2025-07-03T15:16:47.237-04:00","source":{"id":"0","name":"eventBus"}}
{"__type":"$$EventMessageNode","id":"801baa4e-220c-40f2-9b8c-ef1f69a6bd88","ts":"2025-07-03T15:16:47.237-04:00","eventName":"n8n.node.started","message":"n8n.node.started","payload":{"workflowId":"QcG25WCq5PG10Bcc","workflowName":"My workflow","executionId":"4","nodeType":"n8n-nodes-base.httpRequest","nodeName":"HTTP Request","nodeId":"e8defa64-1291-4843-b25c-ef3bca31d899"}}
{"__type":"$$EventMessageConfirm","confirm":"801baa4e-220c-40f2-9b8c-ef1f69a6bd88","ts":"2025-07-03T15:16:47.238-04:00","source":{"id":"0","name":"eventBus"}}
{"__type":"$$EventMessageNode","id":"157e501f-725e-4516-b1ec-7439161745ab","ts":"2025-07-03T15:16:47.273-04:00","eventName":"n8n.node.finished","message":"n8n.node.finished","payload":{"workflowId":"QcG25WCq5PG10Bcc","workflowName":"My workflow","executionId":"4","nodeType":"n8n-nodes-base.httpRequest","nodeName":"HTTP Request","nodeId":"e8defa64-1291-4843-b25c-ef3bca31d899"}}
{"__type":"$$EventMessageConfirm","confirm":"157e501f-725e-4516-b1ec-7439161745ab","ts":"2025-07-03T15:16:47.274-04:00","source":{"id":"0","name":"eventBus"}}
{"__type":"$$EventMessageWorkflow","id":"3a1893a3-0800-46f8-b42d-b6fd9a094381","ts":"2025-07-03T15:16:47.274-04:00","eventName":"n8n.workflow.failed","message":"n8n.workflow.failed","payload":{"executionId":"4","success":false,"isManual":false,"workflowId":"QcG25WCq5PG10Bcc","workflowName":"My workflow","lastNodeExecuted":"HTTP Request","errorNodeType":"n8n-nodes-base.httpRequest","errorMessage":"Invalid URL"}}
{"__type":"$$EventMessageConfirm","confirm":"3a1893a3-0800-46f8-b42d-b6fd9a094381","ts":"2025-07-03T15:16:47.285-04:00","source":{"id":"0","name":"eventBus"}}
{"__type":"$$EventMessageWorkflow","id":"8a5aeac0-8034-4597-9ad3-b125f81c9032","ts":"2025-07-03T15:16:48.724-04:00","eventName":"n8n.workflow.started","message":"n8n.workflow.started","payload":{"executionId":"5","workflowId":"QcG25WCq5PG10Bcc","isManual":false,"workflowName":"My workflow"}}
{"__type":"$$EventMessageConfirm","confirm":"8a5aeac0-8034-4597-9ad3-b125f81c9032","ts":"2025-07-03T15:16:48.725-04:00","source":{"id":"0","name":"eventBus"}}
{"__type":"$$EventMessageNode","id":"6a57562a-0e32-4005-8d65-4755a0f1f13f","ts":"2025-07-03T15:16:48.726-04:00","eventName":"n8n.node.started","message":"n8n.node.started","payload":{"workflowId":"QcG25WCq5PG10Bcc","workflowName":"My workflow","executionId":"5","nodeType":"n8n-nodes-base.webhook","nodeName":"Webhook","nodeId":"99aec541-99f9-4002-b72e-11140c5e08ee"}}
{"__type":"$$EventMessageConfirm","confirm":"6a57562a-0e32-4005-8d65-4755a0f1f13f","ts":"2025-07-03T15:16:48.726-04:00","source":{"id":"0","name":"eventBus"}}
{"__type":"$$EventMessageNode","id":"ef25ecb7-79a3-4a0f-95d1-7849694bbd48","ts":"2025-07-03T15:16:48.728-04:00","eventName":"n8n.node.finished","message":"n8n.node.finished","payload":{"workflowId":"QcG25WCq5PG10Bcc","workflowName":"My workflow","executionId":"5","nodeType":"n8n-nodes-base.webhook","nodeName":"Webhook","nodeId":"99aec541-99f9-4002-b72e-11140c5e08ee"}}
{"__type":"$$EventMessageConfirm","confirm":"ef25ecb7-79a3-4a0f-95d1-7849694bbd48","ts":"2025-07-03T15:16:48.728-04:00","source":{"id":"0","name":"eventBus"}}
{"__type":"$$EventMessageNode","id":"5cb6ba52-a07c-4720-8177-33819a30534a","ts":"2025-07-03T15:16:48.729-04:00","eventName":"n8n.node.started","message":"n8n.node.started","payload":{"workflowId":"QcG25WCq5PG10Bcc","workflowName":"My workflow","executionId":"5","nodeType":"n8n-nodes-base.httpRequest","nodeName":"HTTP Request","nodeId":"e8defa64-1291-4843-b25c-ef3bca31d899"}}
{"__type":"$$EventMessageConfirm","confirm":"5cb6ba52-a07c-4720-8177-33819a30534a","ts":"2025-07-03T15:16:48.729-04:00","source":{"id":"0","name":"eventBus"}}
{"__type":"$$EventMessageNode","id":"f11164dc-d099-48dc-a872-21fa6402d31a","ts":"2025-07-03T15:16:48.785-04:00","eventName":"n8n.node.finished","message":"n8n.node.finished","payload":{"workflowId":"QcG25WCq5PG10Bcc","workflowName":"My workflow","executionId":"5","nodeType":"n8n-nodes-base.httpRequest","nodeName":"HTTP Request","nodeId":"e8defa64-1291-4843-b25c-ef3bca31d899"}}
{"__type":"$$EventMessageConfirm","confirm":"f11164dc-d099-48dc-a872-21fa6402d31a","ts":"2025-07-03T15:16:48.786-04:00","source":{"id":"0","name":"eventBus"}}
{"__type":"$$EventMessageWorkflow","id":"b8809a72-c881-4f6d-8562-782809938b68","ts":"2025-07-03T15:16:48.786-04:00","eventName":"n8n.workflow.failed","message":"n8n.workflow.failed","payload":{"executionId":"5","success":false,"isManual":false,"workflowId":"QcG25WCq5PG10Bcc","workflowName":"My workflow","lastNodeExecuted":"HTTP Request","errorNodeType":"n8n-nodes-base.httpRequest","errorMessage":"Invalid URL"}}
{"__type":"$$EventMessageConfirm","confirm":"b8809a72-c881-4f6d-8562-782809938b68","ts":"2025-07-03T15:16:48.786-04:00","source":{"id":"0","name":"eventBus"}}
{"__type":"$$EventMessageWorkflow","id":"21a40566-a600-4346-ab58-0325c025a12b","ts":"2025-07-03T15:16:50.620-04:00","eventName":"n8n.workflow.started","message":"n8n.workflow.started","payload":{"executionId":"6","workflowId":"QcG25WCq5PG10Bcc","isManual":false,"workflowName":"My workflow"}}
{"__type":"$$EventMessageConfirm","confirm":"21a40566-a600-4346-ab58-0325c025a12b","ts":"2025-07-03T15:16:50.620-04:00","source":{"id":"0","name":"eventBus"}}
{"__type":"$$EventMessageNode","id":"005fa30f-a7bd-4002-a771-60414917a94d","ts":"2025-07-03T15:16:50.621-04:00","eventName":"n8n.node.started","message":"n8n.node.started","payload":{"workflowId":"QcG25WCq5PG10Bcc","workflowName":"My workflow","executionId":"6","nodeType":"n8n-nodes-base.webhook","nodeName":"Webhook","nodeId":"99aec541-99f9-4002-b72e-11140c5e08ee"}}
{"__type":"$$EventMessageConfirm","confirm":"005fa30f-a7bd-4002-a771-60414917a94d","ts":"2025-07-03T15:16:50.621-04:00","source":{"id":"0","name":"eventBus"}}
{"__type":"$$EventMessageNode","id":"25285483-d134-4979-a10b-8997758e80a5","ts":"2025-07-03T15:16:50.621-04:00","eventName":"n8n.node.finished","message":"n8n.node.finished","payload":{"workflowId":"QcG25WCq5PG10Bcc","workflowName":"My workflow","executionId":"6","nodeType":"n8n-nodes-base.webhook","nodeName":"Webhook","nodeId":"99aec541-99f9-4002-b72e-11140c5e08ee"}}
{"__type":"$$EventMessageConfirm","confirm":"25285483-d134-4979-a10b-8997758e80a5","ts":"2025-07-03T15:16:50.622-04:00","source":{"id":"0","name":"eventBus"}}
{"__type":"$$EventMessageNode","id":"a980c7c1-74c2-4b48-aded-dafea838be90","ts":"2025-07-03T15:16:50.622-04:00","eventName":"n8n.node.started","message":"n8n.node.started","payload":{"workflowId":"QcG25WCq5PG10Bcc","workflowName":"My workflow","executionId":"6","nodeType":"n8n-nodes-base.httpRequest","nodeName":"HTTP Request","nodeId":"e8defa64-1291-4843-b25c-ef3bca31d899"}}
{"__type":"$$EventMessageConfirm","confirm":"a980c7c1-74c2-4b48-aded-dafea838be90","ts":"2025-07-03T15:16:50.622-04:00","source":{"id":"0","name":"eventBus"}}
{"__type":"$$EventMessageNode","id":"6e3c42b8-7488-4290-a430-258416ba6fbd","ts":"2025-07-03T15:16:50.649-04:00","eventName":"n8n.node.finished","message":"n8n.node.finished","payload":{"workflowId":"QcG25WCq5PG10Bcc","workflowName":"My workflow","executionId":"6","nodeType":"n8n-nodes-base.httpRequest","nodeName":"HTTP Request","nodeId":"e8defa64-1291-4843-b25c-ef3bca31d899"}}
{"__type":"$$EventMessageConfirm","confirm":"6e3c42b8-7488-4290-a430-258416ba6fbd","ts":"2025-07-03T15:16:50.650-04:00","source":{"id":"0","name":"eventBus"}}
{"__type":"$$EventMessageWorkflow","id":"9d604bba-b707-4cd2-a3a5-00015c40bceb","ts":"2025-07-03T15:16:50.651-04:00","eventName":"n8n.workflow.failed","message":"n8n.workflow.failed","payload":{"executionId":"6","success":false,"isManual":false,"workflowId":"QcG25WCq5PG10Bcc","workflowName":"My workflow","lastNodeExecuted":"HTTP Request","errorNodeType":"n8n-nodes-base.httpRequest","errorMessage":"Invalid URL"}}
{"__type":"$$EventMessageConfirm","confirm":"9d604bba-b707-4cd2-a3a5-00015c40bceb","ts":"2025-07-03T15:16:50.651-04:00","source":{"id":"0","name":"eventBus"}}
{"__type":"$$EventMessageWorkflow","id":"e4d36bfd-9147-440a-b71a-e0c7a8469ce4","ts":"2025-07-03T15:16:51.726-04:00","eventName":"n8n.workflow.started","message":"n8n.workflow.started","payload":{"executionId":"7","workflowId":"QcG25WCq5PG10Bcc","isManual":false,"workflowName":"My workflow"}}
{"__type":"$$EventMessageConfirm","confirm":"e4d36bfd-9147-440a-b71a-e0c7a8469ce4","ts":"2025-07-03T15:16:51.726-04:00","source":{"id":"0","name":"eventBus"}}
{"__type":"$$EventMessageNode","id":"126915d5-753a-4e09-b467-f56b48ff0f5e","ts":"2025-07-03T15:16:51.727-04:00","eventName":"n8n.node.started","message":"n8n.node.started","payload":{"workflowId":"QcG25WCq5PG10Bcc","workflowName":"My workflow","executionId":"7","nodeType":"n8n-nodes-base.webhook","nodeName":"Webhook","nodeId":"99aec541-99f9-4002-b72e-11140c5e08ee"}}
{"__type":"$$EventMessageConfirm","confirm":"126915d5-753a-4e09-b467-f56b48ff0f5e","ts":"2025-07-03T15:16:51.727-04:00","source":{"id":"0","name":"eventBus"}}
{"__type":"$$EventMessageNode","id":"f8e87d09-af83-4395-9fd9-89dc480ac814","ts":"2025-07-03T15:16:51.728-04:00","eventName":"n8n.node.finished","message":"n8n.node.finished","payload":{"workflowId":"QcG25WCq5PG10Bcc","workflowName":"My workflow","executionId":"7","nodeType":"n8n-nodes-base.webhook","nodeName":"Webhook","nodeId":"99aec541-99f9-4002-b72e-11140c5e08ee"}}
{"__type":"$$EventMessageConfirm","confirm":"f8e87d09-af83-4395-9fd9-89dc480ac814","ts":"2025-07-03T15:16:51.728-04:00","source":{"id":"0","name":"eventBus"}}
{"__type":"$$EventMessageNode","id":"b4182d47-26e9-4f80-a2e0-9acbb2d575ad","ts":"2025-07-03T15:16:51.728-04:00","eventName":"n8n.node.started","message":"n8n.node.started","payload":{"workflowId":"QcG25WCq5PG10Bcc","workflowName":"My workflow","executionId":"7","nodeType":"n8n-nodes-base.httpRequest","nodeName":"HTTP Request","nodeId":"e8defa64-1291-4843-b25c-ef3bca31d899"}}
{"__type":"$$EventMessageConfirm","confirm":"b4182d47-26e9-4f80-a2e0-9acbb2d575ad","ts":"2025-07-03T15:16:51.729-04:00","source":{"id":"0","name":"eventBus"}}
{"__type":"$$EventMessageNode","id":"4e3071a5-ded6-4a0c-94b4-b8e52b48aa13","ts":"2025-07-03T15:16:51.750-04:00","eventName":"n8n.node.finished","message":"n8n.node.finished","payload":{"workflowId":"QcG25WCq5PG10Bcc","workflowName":"My workflow","executionId":"7","nodeType":"n8n-nodes-base.httpRequest","nodeName":"HTTP Request","nodeId":"e8defa64-1291-4843-b25c-ef3bca31d899"}}
{"__type":"$$EventMessageConfirm","confirm":"4e3071a5-ded6-4a0c-94b4-b8e52b48aa13","ts":"2025-07-03T15:16:51.751-04:00","source":{"id":"0","name":"eventBus"}}
{"__type":"$$EventMessageWorkflow","id":"1cac5083-73b2-49ca-a897-47894d3faf8a","ts":"2025-07-03T15:16:51.760-04:00","eventName":"n8n.workflow.failed","message":"n8n.workflow.failed","payload":{"executionId":"7","success":false,"isManual":false,"workflowId":"QcG25WCq5PG10Bcc","workflowName":"My workflow","lastNodeExecuted":"HTTP Request","errorNodeType":"n8n-nodes-base.httpRequest","errorMessage":"Invalid URL"}}
{"__type":"$$EventMessageConfirm","confirm":"1cac5083-73b2-49ca-a897-47894d3faf8a","ts":"2025-07-03T15:16:51.761-04:00","source":{"id":"0","name":"eventBus"}}
{"__type":"$$EventMessageWorkflow","id":"fdf20211-027b-44da-9fe5-a19589dbccc8","ts":"2025-07-03T15:21:13.786-04:00","eventName":"n8n.workflow.started","message":"n8n.workflow.started","payload":{"executionId":"8","workflowId":"QcG25WCq5PG10Bcc","isManual":false,"workflowName":"My workflow"}}
{"__type":"$$EventMessageConfirm","confirm":"fdf20211-027b-44da-9fe5-a19589dbccc8","ts":"2025-07-03T15:21:13.787-04:00","source":{"id":"0","name":"eventBus"}}
{"__type":"$$EventMessageNode","id":"4dae0524-1659-40a5-9eee-a7f449087b1e","ts":"2025-07-03T15:21:13.787-04:00","eventName":"n8n.node.started","message":"n8n.node.started","payload":{"workflowId":"QcG25WCq5PG10Bcc","workflowName":"My workflow","executionId":"8","nodeType":"n8n-nodes-base.webhook","nodeName":"Webhook","nodeId":"99aec541-99f9-4002-b72e-11140c5e08ee"}}
{"__type":"$$EventMessageConfirm","confirm":"4dae0524-1659-40a5-9eee-a7f449087b1e","ts":"2025-07-03T15:21:13.787-04:00","source":{"id":"0","name":"eventBus"}}
{"__type":"$$EventMessageNode","id":"f864fef6-3983-452f-8f6d-d8f88ede55fd","ts":"2025-07-03T15:21:13.789-04:00","eventName":"n8n.node.finished","message":"n8n.node.finished","payload":{"workflowId":"QcG25WCq5PG10Bcc","workflowName":"My workflow","executionId":"8","nodeType":"n8n-nodes-base.webhook","nodeName":"Webhook","nodeId":"99aec541-99f9-4002-b72e-11140c5e08ee"}}
{"__type":"$$EventMessageConfirm","confirm":"f864fef6-3983-452f-8f6d-d8f88ede55fd","ts":"2025-07-03T15:21:13.789-04:00","source":{"id":"0","name":"eventBus"}}
{"__type":"$$EventMessageNode","id":"294bc47e-7ecb-4b72-ad0f-71b80a32a433","ts":"2025-07-03T15:21:13.789-04:00","eventName":"n8n.node.started","message":"n8n.node.started","payload":{"workflowId":"QcG25WCq5PG10Bcc","workflowName":"My workflow","executionId":"8","nodeType":"n8n-nodes-base.httpRequest","nodeName":"HTTP Request","nodeId":"e8defa64-1291-4843-b25c-ef3bca31d899"}}
{"__type":"$$EventMessageConfirm","confirm":"294bc47e-7ecb-4b72-ad0f-71b80a32a433","ts":"2025-07-03T15:21:13.790-04:00","source":{"id":"0","name":"eventBus"}}
{"__type":"$$EventMessageNode","id":"183a19f8-0897-4f20-9246-db41d4a7d27b","ts":"2025-07-03T15:21:13.821-04:00","eventName":"n8n.node.finished","message":"n8n.node.finished","payload":{"workflowId":"QcG25WCq5PG10Bcc","workflowName":"My workflow","executionId":"8","nodeType":"n8n-nodes-base.httpRequest","nodeName":"HTTP Request","nodeId":"e8defa64-1291-4843-b25c-ef3bca31d899"}}
{"__type":"$$EventMessageConfirm","confirm":"183a19f8-0897-4f20-9246-db41d4a7d27b","ts":"2025-07-03T15:21:13.821-04:00","source":{"id":"0","name":"eventBus"}}
{"__type":"$$EventMessageWorkflow","id":"a46e8b19-aefc-449d-8c30-22ac69494cb0","ts":"2025-07-03T15:21:13.822-04:00","eventName":"n8n.workflow.failed","message":"n8n.workflow.failed","payload":{"executionId":"8","success":false,"isManual":false,"workflowId":"QcG25WCq5PG10Bcc","workflowName":"My workflow","lastNodeExecuted":"HTTP Request","errorNodeType":"n8n-nodes-base.httpRequest","errorMessage":"Invalid URL"}}
{"__type":"$$EventMessageConfirm","confirm":"a46e8b19-aefc-449d-8c30-22ac69494cb0","ts":"2025-07-03T15:21:13.822-04:00","source":{"id":"0","name":"eventBus"}}
{"__type":"$$EventMessageWorkflow","id":"3b5cdeb4-4b2a-4382-b08a-f7047d0974f3","ts":"2025-07-03T15:21:19.351-04:00","eventName":"n8n.workflow.started","message":"n8n.workflow.started","payload":{"executionId":"9","workflowId":"QcG25WCq5PG10Bcc","isManual":false,"workflowName":"My workflow"}}
{"__type":"$$EventMessageConfirm","confirm":"3b5cdeb4-4b2a-4382-b08a-f7047d0974f3","ts":"2025-07-03T15:21:19.352-04:00","source":{"id":"0","name":"eventBus"}}
{"__type":"$$EventMessageNode","id":"4462b501-3a39-4d0d-a672-9929750661c6","ts":"2025-07-03T15:21:19.354-04:00","eventName":"n8n.node.started","message":"n8n.node.started","payload":{"workflowId":"QcG25WCq5PG10Bcc","workflowName":"My workflow","executionId":"9","nodeType":"n8n-nodes-base.webhook","nodeName":"Webhook","nodeId":"99aec541-99f9-4002-b72e-11140c5e08ee"}}
{"__type":"$$EventMessageConfirm","confirm":"4462b501-3a39-4d0d-a672-9929750661c6","ts":"2025-07-03T15:21:19.354-04:00","source":{"id":"0","name":"eventBus"}}
{"__type":"$$EventMessageNode","id":"88acf80e-cc81-4e7a-8834-81d382cac1ef","ts":"2025-07-03T15:21:19.355-04:00","eventName":"n8n.node.finished","message":"n8n.node.finished","payload":{"workflowId":"QcG25WCq5PG10Bcc","workflowName":"My workflow","executionId":"9","nodeType":"n8n-nodes-base.webhook","nodeName":"Webhook","nodeId":"99aec541-99f9-4002-b72e-11140c5e08ee"}}
{"__type":"$$EventMessageConfirm","confirm":"88acf80e-cc81-4e7a-8834-81d382cac1ef","ts":"2025-07-03T15:21:19.355-04:00","source":{"id":"0","name":"eventBus"}}
{"__type":"$$EventMessageNode","id":"c0b755b6-b79b-48cd-8ae2-d96675b7f6bd","ts":"2025-07-03T15:21:19.355-04:00","eventName":"n8n.node.started","message":"n8n.node.started","payload":{"workflowId":"QcG25WCq5PG10Bcc","workflowName":"My workflow","executionId":"9","nodeType":"n8n-nodes-base.httpRequest","nodeName":"HTTP Request","nodeId":"e8defa64-1291-4843-b25c-ef3bca31d899"}}
{"__type":"$$EventMessageConfirm","confirm":"c0b755b6-b79b-48cd-8ae2-d96675b7f6bd","ts":"2025-07-03T15:21:19.355-04:00","source":{"id":"0","name":"eventBus"}}
{"__type":"$$EventMessageNode","id":"c893970e-de53-4966-bfc2-5a4d111672a4","ts":"2025-07-03T15:21:19.403-04:00","eventName":"n8n.node.finished","message":"n8n.node.finished","payload":{"workflowId":"QcG25WCq5PG10Bcc","workflowName":"My workflow","executionId":"9","nodeType":"n8n-nodes-base.httpRequest","nodeName":"HTTP Request","nodeId":"e8defa64-1291-4843-b25c-ef3bca31d899"}}
{"__type":"$$EventMessageConfirm","confirm":"c893970e-de53-4966-bfc2-5a4d111672a4","ts":"2025-07-03T15:21:19.404-04:00","source":{"id":"0","name":"eventBus"}}
{"__type":"$$EventMessageWorkflow","id":"679413a0-da55-4558-876f-905e7fac4d7f","ts":"2025-07-03T15:21:19.412-04:00","eventName":"n8n.workflow.failed","message":"n8n.workflow.failed","payload":{"executionId":"9","success":false,"isManual":false,"workflowId":"QcG25WCq5PG10Bcc","workflowName":"My workflow","lastNodeExecuted":"HTTP Request","errorNodeType":"n8n-nodes-base.httpRequest","errorMessage":"Invalid URL"}}
{"__type":"$$EventMessageConfirm","confirm":"679413a0-da55-4558-876f-905e7fac4d7f","ts":"2025-07-03T15:21:19.412-04:00","source":{"id":"0","name":"eventBus"}}
{"__type":"$$EventMessageWorkflow","id":"c7c38013-9936-4610-a1ec-eacf08e4ba33","ts":"2025-07-03T15:21:47.302-04:00","eventName":"n8n.workflow.started","message":"n8n.workflow.started","payload":{"executionId":"10","workflowId":"QcG25WCq5PG10Bcc","isManual":false,"workflowName":"My workflow"}}
{"__type":"$$EventMessageConfirm","confirm":"c7c38013-9936-4610-a1ec-eacf08e4ba33","ts":"2025-07-03T15:21:47.303-04:00","source":{"id":"0","name":"eventBus"}}
{"__type":"$$EventMessageNode","id":"c2ad94c7-e786-4fe0-a55d-3da8cac255e6","ts":"2025-07-03T15:21:47.303-04:00","eventName":"n8n.node.started","message":"n8n.node.started","payload":{"workflowId":"QcG25WCq5PG10Bcc","workflowName":"My workflow","executionId":"10","nodeType":"n8n-nodes-base.webhook","nodeName":"Webhook","nodeId":"99aec541-99f9-4002-b72e-11140c5e08ee"}}
{"__type":"$$EventMessageConfirm","confirm":"c2ad94c7-e786-4fe0-a55d-3da8cac255e6","ts":"2025-07-03T15:21:47.303-04:00","source":{"id":"0","name":"eventBus"}}
{"__type":"$$EventMessageNode","id":"f79c193b-aa3b-43b5-bd97-bcf660e25232","ts":"2025-07-03T15:21:47.304-04:00","eventName":"n8n.node.finished","message":"n8n.node.finished","payload":{"workflowId":"QcG25WCq5PG10Bcc","workflowName":"My workflow","executionId":"10","nodeType":"n8n-nodes-base.webhook","nodeName":"Webhook","nodeId":"99aec541-99f9-4002-b72e-11140c5e08ee"}}
{"__type":"$$EventMessageConfirm","confirm":"f79c193b-aa3b-43b5-bd97-bcf660e25232","ts":"2025-07-03T15:21:47.304-04:00","source":{"id":"0","name":"eventBus"}}
{"__type":"$$EventMessageNode","id":"b1efb942-e441-44af-bb1e-cfad63c1c238","ts":"2025-07-03T15:21:47.304-04:00","eventName":"n8n.node.started","message":"n8n.node.started","payload":{"workflowId":"QcG25WCq5PG10Bcc","workflowName":"My workflow","executionId":"10","nodeType":"n8n-nodes-base.httpRequest","nodeName":"HTTP Request","nodeId":"e8defa64-1291-4843-b25c-ef3bca31d899"}}
{"__type":"$$EventMessageConfirm","confirm":"b1efb942-e441-44af-bb1e-cfad63c1c238","ts":"2025-07-03T15:21:47.305-04:00","source":{"id":"0","name":"eventBus"}}
{"__type":"$$EventMessageNode","id":"74cb892f-17df-44bc-806b-7bff50e18f93","ts":"2025-07-03T15:21:47.323-04:00","eventName":"n8n.node.finished","message":"n8n.node.finished","payload":{"workflowId":"QcG25WCq5PG10Bcc","workflowName":"My workflow","executionId":"10","nodeType":"n8n-nodes-base.httpRequest","nodeName":"HTTP Request","nodeId":"e8defa64-1291-4843-b25c-ef3bca31d899"}}
{"__type":"$$EventMessageConfirm","confirm":"74cb892f-17df-44bc-806b-7bff50e18f93","ts":"2025-07-03T15:21:47.323-04:00","source":{"id":"0","name":"eventBus"}}
{"__type":"$$EventMessageWorkflow","id":"0c6b7837-5beb-4d5d-8531-0fa65fb2d3fa","ts":"2025-07-03T15:21:47.324-04:00","eventName":"n8n.workflow.failed","message":"n8n.workflow.failed","payload":{"executionId":"10","success":false,"isManual":false,"workflowId":"QcG25WCq5PG10Bcc","workflowName":"My workflow","lastNodeExecuted":"HTTP Request","errorNodeType":"n8n-nodes-base.httpRequest","errorMessage":"Invalid URL"}}
{"__type":"$$EventMessageConfirm","confirm":"0c6b7837-5beb-4d5d-8531-0fa65fb2d3fa","ts":"2025-07-03T15:21:47.324-04:00","source":{"id":"0","name":"eventBus"}}
{"__type":"$$EventMessageAudit","id":"7cb5cdd0-c3a9-416a-9cb4-7bd58e836d50","ts":"2025-07-03T15:24:02.979-04:00","eventName":"n8n.audit.workflow.updated","message":"n8n.audit.workflow.updated","payload":{"userId":"ef40746b-8a5c-41b0-a34d-f3914bf407bf","_email":"dindyalsingh2310@gmail.com","_firstName":"Dindayal","_lastName":"Singh","globalRole":"global:owner","workflowId":"QcG25WCq5PG10Bcc","workflowName":"My workflow"}}
{"__type":"$$EventMessageConfirm","confirm":"7cb5cdd0-c3a9-416a-9cb4-7bd58e836d50","ts":"2025-07-03T15:24:02.980-04:00","source":{"id":"0","name":"eventBus"}}
{"__type":"$$EventMessageAudit","id":"0712a082-1b49-4653-ace9-62fc882301a4","ts":"2025-07-03T15:24:20.386-04:00","eventName":"n8n.audit.workflow.updated","message":"n8n.audit.workflow.updated","payload":{"userId":"ef40746b-8a5c-41b0-a34d-f3914bf407bf","_email":"dindyalsingh2310@gmail.com","_firstName":"Dindayal","_lastName":"Singh","globalRole":"global:owner","workflowId":"QcG25WCq5PG10Bcc","workflowName":"My workflow"}}
{"__type":"$$EventMessageConfirm","confirm":"0712a082-1b49-4653-ace9-62fc882301a4","ts":"2025-07-03T15:24:20.386-04:00","source":{"id":"0","name":"eventBus"}}
{"__type":"$$EventMessageAudit","id":"1a050474-0163-42a3-ad33-f5dd22ed3ed5","ts":"2025-07-03T15:25:38.067-04:00","eventName":"n8n.audit.workflow.archived","message":"n8n.audit.workflow.archived","payload":{"userId":"ef40746b-8a5c-41b0-a34d-f3914bf407bf","_email":"dindyalsingh2310@gmail.com","_firstName":"Dindayal","_lastName":"Singh","globalRole":"global:owner","workflowId":"FmIjJypmZdxYzrw6"}}
{"__type":"$$EventMessageConfirm","confirm":"1a050474-0163-42a3-ad33-f5dd22ed3ed5","ts":"2025-07-03T15:25:38.068-04:00","source":{"id":"0","name":"eventBus"}}
{"__type":"$$EventMessageAudit","id":"fbc110b6-bc51-4111-9403-832831228c82","ts":"2025-07-03T15:25:55.556-04:00","eventName":"n8n.audit.workflow.updated","message":"n8n.audit.workflow.updated","payload":{"userId":"ef40746b-8a5c-41b0-a34d-f3914bf407bf","_email":"dindyalsingh2310@gmail.com","_firstName":"Dindayal","_lastName":"Singh","globalRole":"global:owner","workflowId":"QcG25WCq5PG10Bcc","workflowName":"PR Detection"}}
{"__type":"$$EventMessageConfirm","confirm":"fbc110b6-bc51-4111-9403-832831228c82","ts":"2025-07-03T15:25:55.556-04:00","source":{"id":"0","name":"eventBus"}}
{"__type":"$$EventMessageWorkflow","id":"eac7a176-dc20-46b8-89f6-6f2c85c15c4a","ts":"2025-07-03T15:27:29.921-04:00","eventName":"n8n.workflow.started","message":"n8n.workflow.started","payload":{"executionId":"11","workflowId":"QcG25WCq5PG10Bcc","isManual":false,"workflowName":"PR Detection"}}
{"__type":"$$EventMessageConfirm","confirm":"eac7a176-dc20-46b8-89f6-6f2c85c15c4a","ts":"2025-07-03T15:27:29.922-04:00","source":{"id":"0","name":"eventBus"}}
{"__type":"$$EventMessageNode","id":"5a0dad5b-441c-46fb-9dc9-b892851242f7","ts":"2025-07-03T15:27:29.924-04:00","eventName":"n8n.node.started","message":"n8n.node.started","payload":{"workflowId":"QcG25WCq5PG10Bcc","workflowName":"PR Detection","executionId":"11","nodeType":"n8n-nodes-base.webhook","nodeName":"Webhook","nodeId":"99aec541-99f9-4002-b72e-11140c5e08ee"}}
{"__type":"$$EventMessageConfirm","confirm":"5a0dad5b-441c-46fb-9dc9-b892851242f7","ts":"2025-07-03T15:27:29.924-04:00","source":{"id":"0","name":"eventBus"}}
{"__type":"$$EventMessageNode","id":"553d9dd0-2818-4d9b-a31e-ca297f4c1ff1","ts":"2025-07-03T15:27:29.926-04:00","eventName":"n8n.node.finished","message":"n8n.node.finished","payload":{"workflowId":"QcG25WCq5PG10Bcc","workflowName":"PR Detection","executionId":"11","nodeType":"n8n-nodes-base.webhook","nodeName":"Webhook","nodeId":"99aec541-99f9-4002-b72e-11140c5e08ee"}}
{"__type":"$$EventMessageConfirm","confirm":"553d9dd0-2818-4d9b-a31e-ca297f4c1ff1","ts":"2025-07-03T15:27:29.927-04:00","source":{"id":"0","name":"eventBus"}}
{"__type":"$$EventMessageNode","id":"8463ce47-0ca7-4ec9-8b11-c89ebb1179d7","ts":"2025-07-03T15:27:29.938-04:00","eventName":"n8n.node.started","message":"n8n.node.started","payload":{"workflowId":"QcG25WCq5PG10Bcc","workflowName":"PR Detection","executionId":"11","nodeType":"n8n-nodes-base.httpRequest","nodeName":"HTTP Request","nodeId":"e8defa64-1291-4843-b25c-ef3bca31d899"}}
{"__type":"$$EventMessageConfirm","confirm":"8463ce47-0ca7-4ec9-8b11-c89ebb1179d7","ts":"2025-07-03T15:27:29.938-04:00","source":{"id":"0","name":"eventBus"}}
{"__type":"$$EventMessageNode","id":"a390f30f-6a53-4e89-887e-cb27455e744a","ts":"2025-07-03T15:27:29.974-04:00","eventName":"n8n.node.finished","message":"n8n.node.finished","payload":{"workflowId":"QcG25WCq5PG10Bcc","workflowName":"PR Detection","executionId":"11","nodeType":"n8n-nodes-base.httpRequest","nodeName":"HTTP Request","nodeId":"e8defa64-1291-4843-b25c-ef3bca31d899"}}
{"__type":"$$EventMessageConfirm","confirm":"a390f30f-6a53-4e89-887e-cb27455e744a","ts":"2025-07-03T15:27:29.974-04:00","source":{"id":"0","name":"eventBus"}}
{"__type":"$$EventMessageWorkflow","id":"c73aff03-4470-4e9f-8758-de96444932d4","ts":"2025-07-03T15:27:29.992-04:00","eventName":"n8n.workflow.failed","message":"n8n.workflow.failed","payload":{"executionId":"11","success":false,"isManual":true,"workflowId":"QcG25WCq5PG10Bcc","workflowName":"PR Detection","lastNodeExecuted":"HTTP Request","errorNodeType":"n8n-nodes-base.httpRequest","errorMessage":"Invalid URL"}}
{"__type":"$$EventMessageConfirm","confirm":"c73aff03-4470-4e9f-8758-de96444932d4","ts":"2025-07-03T15:27:29.993-04:00","source":{"id":"0","name":"eventBus"}}
{"__type":"$$EventMessageWorkflow","id":"c5616168-9ed0-4ac2-a66c-f339a2241bc8","ts":"2025-07-03T15:34:27.767-04:00","eventName":"n8n.workflow.started","message":"n8n.workflow.started","payload":{"executionId":"12","workflowId":"QcG25WCq5PG10Bcc","isManual":false,"workflowName":"PR Detection"}}
{"__type":"$$EventMessageConfirm","confirm":"c5616168-9ed0-4ac2-a66c-f339a2241bc8","ts":"2025-07-03T15:34:27.767-04:00","source":{"id":"0","name":"eventBus"}}
{"__type":"$$EventMessageNode","id":"39ea8eaa-95ee-4a40-ba5a-d5c33fc7fdbf","ts":"2025-07-03T15:34:27.769-04:00","eventName":"n8n.node.started","message":"n8n.node.started","payload":{"workflowId":"QcG25WCq5PG10Bcc","workflowName":"PR Detection","executionId":"12","nodeType":"n8n-nodes-base.webhook","nodeName":"Webhook","nodeId":"99aec541-99f9-4002-b72e-11140c5e08ee"}}
{"__type":"$$EventMessageConfirm","confirm":"39ea8eaa-95ee-4a40-ba5a-d5c33fc7fdbf","ts":"2025-07-03T15:34:27.770-04:00","source":{"id":"0","name":"eventBus"}}
{"__type":"$$EventMessageNode","id":"fbf70186-e58a-463a-a7d8-b69ec8591920","ts":"2025-07-03T15:34:27.771-04:00","eventName":"n8n.node.finished","message":"n8n.node.finished","payload":{"workflowId":"QcG25WCq5PG10Bcc","workflowName":"PR Detection","executionId":"12","nodeType":"n8n-nodes-base.webhook","nodeName":"Webhook","nodeId":"99aec541-99f9-4002-b72e-11140c5e08ee"}}
{"__type":"$$EventMessageConfirm","confirm":"fbf70186-e58a-463a-a7d8-b69ec8591920","ts":"2025-07-03T15:34:27.772-04:00","source":{"id":"0","name":"eventBus"}}
{"__type":"$$EventMessageNode","id":"fc514a1f-bdfc-46eb-8cb4-37d9417d5e4f","ts":"2025-07-03T15:34:27.773-04:00","eventName":"n8n.node.started","message":"n8n.node.started","payload":{"workflowId":"QcG25WCq5PG10Bcc","workflowName":"PR Detection","executionId":"12","nodeType":"n8n-nodes-base.httpRequest","nodeName":"HTTP Request","nodeId":"e8defa64-1291-4843-b25c-ef3bca31d899"}}
{"__type":"$$EventMessageConfirm","confirm":"fc514a1f-bdfc-46eb-8cb4-37d9417d5e4f","ts":"2025-07-03T15:34:27.773-04:00","source":{"id":"0","name":"eventBus"}}
{"__type":"$$EventMessageNode","id":"c09593d3-8d4a-44dc-95ac-976a40d842b3","ts":"2025-07-03T15:34:27.819-04:00","eventName":"n8n.node.finished","message":"n8n.node.finished","payload":{"workflowId":"QcG25WCq5PG10Bcc","workflowName":"PR Detection","executionId":"12","nodeType":"n8n-nodes-base.httpRequest","nodeName":"HTTP Request","nodeId":"e8defa64-1291-4843-b25c-ef3bca31d899"}}
{"__type":"$$EventMessageConfirm","confirm":"c09593d3-8d4a-44dc-95ac-976a40d842b3","ts":"2025-07-03T15:34:27.820-04:00","source":{"id":"0","name":"eventBus"}}
{"__type":"$$EventMessageWorkflow","id":"01ca941b-905b-4000-ba4e-7d73732febce","ts":"2025-07-03T15:34:27.833-04:00","eventName":"n8n.workflow.failed","message":"n8n.workflow.failed","payload":{"executionId":"12","success":false,"isManual":true,"workflowId":"QcG25WCq5PG10Bcc","workflowName":"PR Detection","lastNodeExecuted":"HTTP Request","errorNodeType":"n8n-nodes-base.httpRequest","errorMessage":"Invalid URL"}}
{"__type":"$$EventMessageConfirm","confirm":"01ca941b-905b-4000-ba4e-7d73732febce","ts":"2025-07-03T15:34:27.833-04:00","source":{"id":"0","name":"eventBus"}}
{"__type":"$$EventMessageWorkflow","id":"ff41f518-5705-44df-82ad-fed8c2de34f8","ts":"2025-07-03T15:34:46.316-04:00","eventName":"n8n.workflow.started","message":"n8n.workflow.started","payload":{"executionId":"13","workflowId":"QcG25WCq5PG10Bcc","isManual":false,"workflowName":"PR Detection"}}
{"__type":"$$EventMessageConfirm","confirm":"ff41f518-5705-44df-82ad-fed8c2de34f8","ts":"2025-07-03T15:34:46.317-04:00","source":{"id":"0","name":"eventBus"}}
{"__type":"$$EventMessageNode","id":"6145e74f-83cf-4375-9f06-ca413741cacb","ts":"2025-07-03T15:34:46.318-04:00","eventName":"n8n.node.started","message":"n8n.node.started","payload":{"workflowId":"QcG25WCq5PG10Bcc","workflowName":"PR Detection","executionId":"13","nodeType":"n8n-nodes-base.webhook","nodeName":"Webhook","nodeId":"99aec541-99f9-4002-b72e-11140c5e08ee"}}
{"__type":"$$EventMessageConfirm","confirm":"6145e74f-83cf-4375-9f06-ca413741cacb","ts":"2025-07-03T15:34:46.318-04:00","source":{"id":"0","name":"eventBus"}}
{"__type":"$$EventMessageNode","id":"bdb66743-4dd6-4a27-83e3-438526f1aa42","ts":"2025-07-03T15:34:46.320-04:00","eventName":"n8n.node.finished","message":"n8n.node.finished","payload":{"workflowId":"QcG25WCq5PG10Bcc","workflowName":"PR Detection","executionId":"13","nodeType":"n8n-nodes-base.webhook","nodeName":"Webhook","nodeId":"99aec541-99f9-4002-b72e-11140c5e08ee"}}
{"__type":"$$EventMessageConfirm","confirm":"bdb66743-4dd6-4a27-83e3-438526f1aa42","ts":"2025-07-03T15:34:46.320-04:00","source":{"id":"0","name":"eventBus"}}
{"__type":"$$EventMessageNode","id":"c322ccdb-041e-4f0d-8e8a-0279b3de61d0","ts":"2025-07-03T15:34:46.322-04:00","eventName":"n8n.node.started","message":"n8n.node.started","payload":{"workflowId":"QcG25WCq5PG10Bcc","workflowName":"PR Detection","executionId":"13","nodeType":"n8n-nodes-base.httpRequest","nodeName":"HTTP Request","nodeId":"e8defa64-1291-4843-b25c-ef3bca31d899"}}
{"__type":"$$EventMessageConfirm","confirm":"c322ccdb-041e-4f0d-8e8a-0279b3de61d0","ts":"2025-07-03T15:34:46.322-04:00","source":{"id":"0","name":"eventBus"}}
{"__type":"$$EventMessageNode","id":"fa51cab5-b4f5-461d-8e99-0e6ca485e525","ts":"2025-07-03T15:34:46.354-04:00","eventName":"n8n.node.finished","message":"n8n.node.finished","payload":{"workflowId":"QcG25WCq5PG10Bcc","workflowName":"PR Detection","executionId":"13","nodeType":"n8n-nodes-base.httpRequest","nodeName":"HTTP Request","nodeId":"e8defa64-1291-4843-b25c-ef3bca31d899"}}
{"__type":"$$EventMessageConfirm","confirm":"fa51cab5-b4f5-461d-8e99-0e6ca485e525","ts":"2025-07-03T15:34:46.354-04:00","source":{"id":"0","name":"eventBus"}}
{"__type":"$$EventMessageWorkflow","id":"d58f298d-80b5-4e03-8e06-2367f52d19f7","ts":"2025-07-03T15:34:46.366-04:00","eventName":"n8n.workflow.failed","message":"n8n.workflow.failed","payload":{"executionId":"13","success":false,"isManual":true,"workflowId":"QcG25WCq5PG10Bcc","workflowName":"PR Detection","lastNodeExecuted":"HTTP Request","errorNodeType":"n8n-nodes-base.httpRequest","errorMessage":"Invalid URL"}}
{"__type":"$$EventMessageConfirm","confirm":"d58f298d-80b5-4e03-8e06-2367f52d19f7","ts":"2025-07-03T15:34:46.366-04:00","source":{"id":"0","name":"eventBus"}}
{"__type":"$$EventMessageWorkflow","id":"16f320c9-40fd-48a4-a1d9-218a955bec3b","ts":"2025-07-03T15:37:14.182-04:00","eventName":"n8n.workflow.started","message":"n8n.workflow.started","payload":{"executionId":"14","workflowId":"QcG25WCq5PG10Bcc","isManual":false,"workflowName":"PR Detection"}}
{"__type":"$$EventMessageConfirm","confirm":"16f320c9-40fd-48a4-a1d9-218a955bec3b","ts":"2025-07-03T15:37:14.183-04:00","source":{"id":"0","name":"eventBus"}}
{"__type":"$$EventMessageNode","id":"603115bc-abe5-4847-ae74-d4d18f46e614","ts":"2025-07-03T15:37:14.184-04:00","eventName":"n8n.node.started","message":"n8n.node.started","payload":{"workflowId":"QcG25WCq5PG10Bcc","workflowName":"PR Detection","executionId":"14","nodeType":"n8n-nodes-base.webhook","nodeName":"Webhook","nodeId":"99aec541-99f9-4002-b72e-11140c5e08ee"}}
{"__type":"$$EventMessageConfirm","confirm":"603115bc-abe5-4847-ae74-d4d18f46e614","ts":"2025-07-03T15:37:14.184-04:00","source":{"id":"0","name":"eventBus"}}
{"__type":"$$EventMessageNode","id":"2068ec13-db35-49ab-9e06-72394c304197","ts":"2025-07-03T15:37:14.186-04:00","eventName":"n8n.node.finished","message":"n8n.node.finished","payload":{"workflowId":"QcG25WCq5PG10Bcc","workflowName":"PR Detection","executionId":"14","nodeType":"n8n-nodes-base.webhook","nodeName":"Webhook","nodeId":"99aec541-99f9-4002-b72e-11140c5e08ee"}}
{"__type":"$$EventMessageConfirm","confirm":"2068ec13-db35-49ab-9e06-72394c304197","ts":"2025-07-03T15:37:14.186-04:00","source":{"id":"0","name":"eventBus"}}
{"__type":"$$EventMessageNode","id":"fd7cba94-1ee5-450c-b168-7cbf6e213d28","ts":"2025-07-03T15:37:14.189-04:00","eventName":"n8n.node.started","message":"n8n.node.started","payload":{"workflowId":"QcG25WCq5PG10Bcc","workflowName":"PR Detection","executionId":"14","nodeType":"n8n-nodes-base.httpRequest","nodeName":"HTTP Request","nodeId":"e8defa64-1291-4843-b25c-ef3bca31d899"}}
{"__type":"$$EventMessageConfirm","confirm":"fd7cba94-1ee5-450c-b168-7cbf6e213d28","ts":"2025-07-03T15:37:14.190-04:00","source":{"id":"0","name":"eventBus"}}
{"__type":"$$EventMessageNode","id":"9acc1835-6873-4793-8cbc-5e882758de5e","ts":"2025-07-03T15:37:14.222-04:00","eventName":"n8n.node.finished","message":"n8n.node.finished","payload":{"workflowId":"QcG25WCq5PG10Bcc","workflowName":"PR Detection","executionId":"14","nodeType":"n8n-nodes-base.httpRequest","nodeName":"HTTP Request","nodeId":"e8defa64-1291-4843-b25c-ef3bca31d899"}}
{"__type":"$$EventMessageConfirm","confirm":"9acc1835-6873-4793-8cbc-5e882758de5e","ts":"2025-07-03T15:37:14.223-04:00","source":{"id":"0","name":"eventBus"}}
{"__type":"$$EventMessageWorkflow","id":"3fb17380-dc16-45ea-a300-e8dd8c8ee581","ts":"2025-07-03T15:37:14.225-04:00","eventName":"n8n.workflow.failed","message":"n8n.workflow.failed","payload":{"executionId":"14","success":false,"isManual":true,"workflowId":"QcG25WCq5PG10Bcc","workflowName":"PR Detection","lastNodeExecuted":"HTTP Request","errorNodeType":"n8n-nodes-base.httpRequest","errorMessage":"Invalid URL"}}
{"__type":"$$EventMessageConfirm","confirm":"3fb17380-dc16-45ea-a300-e8dd8c8ee581","ts":"2025-07-03T15:37:14.226-04:00","source":{"id":"0","name":"eventBus"}}
{"__type":"$$EventMessageWorkflow","id":"2c78aa03-5119-410e-9790-45916a5bc6b4","ts":"2025-07-03T15:37:51.418-04:00","eventName":"n8n.workflow.started","message":"n8n.workflow.started","payload":{"executionId":"15","workflowId":"QcG25WCq5PG10Bcc","isManual":false,"workflowName":"PR Detection"}}
{"__type":"$$EventMessageConfirm","confirm":"2c78aa03-5119-410e-9790-45916a5bc6b4","ts":"2025-07-03T15:37:51.419-04:00","source":{"id":"0","name":"eventBus"}}
{"__type":"$$EventMessageNode","id":"96f5573f-a99c-41ff-8d8c-812a70f37776","ts":"2025-07-03T15:37:51.420-04:00","eventName":"n8n.node.started","message":"n8n.node.started","payload":{"workflowId":"QcG25WCq5PG10Bcc","workflowName":"PR Detection","executionId":"15","nodeType":"n8n-nodes-base.webhook","nodeName":"Webhook","nodeId":"99aec541-99f9-4002-b72e-11140c5e08ee"}}
{"__type":"$$EventMessageConfirm","confirm":"96f5573f-a99c-41ff-8d8c-812a70f37776","ts":"2025-07-03T15:37:51.421-04:00","source":{"id":"0","name":"eventBus"}}
{"__type":"$$EventMessageNode","id":"818deaf4-6ccf-435c-8591-9028499f8648","ts":"2025-07-03T15:37:51.422-04:00","eventName":"n8n.node.finished","message":"n8n.node.finished","payload":{"workflowId":"QcG25WCq5PG10Bcc","workflowName":"PR Detection","executionId":"15","nodeType":"n8n-nodes-base.webhook","nodeName":"Webhook","nodeId":"99aec541-99f9-4002-b72e-11140c5e08ee"}}
{"__type":"$$EventMessageConfirm","confirm":"818deaf4-6ccf-435c-8591-9028499f8648","ts":"2025-07-03T15:37:51.422-04:00","source":{"id":"0","name":"eventBus"}}
{"__type":"$$EventMessageNode","id":"68278a82-76cf-466c-8c17-cdac190fa234","ts":"2025-07-03T15:37:51.423-04:00","eventName":"n8n.node.started","message":"n8n.node.started","payload":{"workflowId":"QcG25WCq5PG10Bcc","workflowName":"PR Detection","executionId":"15","nodeType":"n8n-nodes-base.httpRequest","nodeName":"HTTP Request","nodeId":"e8defa64-1291-4843-b25c-ef3bca31d899"}}
{"__type":"$$EventMessageConfirm","confirm":"68278a82-76cf-466c-8c17-cdac190fa234","ts":"2025-07-03T15:37:51.424-04:00","source":{"id":"0","name":"eventBus"}}
{"__type":"$$EventMessageNode","id":"946c6d23-3354-4d48-95eb-1cfb16bc22b5","ts":"2025-07-03T15:37:51.458-04:00","eventName":"n8n.node.finished","message":"n8n.node.finished","payload":{"workflowId":"QcG25WCq5PG10Bcc","workflowName":"PR Detection","executionId":"15","nodeType":"n8n-nodes-base.httpRequest","nodeName":"HTTP Request","nodeId":"e8defa64-1291-4843-b25c-ef3bca31d899"}}
{"__type":"$$EventMessageConfirm","confirm":"946c6d23-3354-4d48-95eb-1cfb16bc22b5","ts":"2025-07-03T15:37:51.458-04:00","source":{"id":"0","name":"eventBus"}}
{"__type":"$$EventMessageWorkflow","id":"0ea0b57d-e2dc-4272-980e-994921dc572d","ts":"2025-07-03T15:37:51.473-04:00","eventName":"n8n.workflow.failed","message":"n8n.workflow.failed","payload":{"executionId":"15","success":false,"isManual":true,"workflowId":"QcG25WCq5PG10Bcc","workflowName":"PR Detection","lastNodeExecuted":"HTTP Request","errorNodeType":"n8n-nodes-base.httpRequest","errorMessage":"Invalid URL"}}
{"__type":"$$EventMessageConfirm","confirm":"0ea0b57d-e2dc-4272-980e-994921dc572d","ts":"2025-07-03T15:37:51.473-04:00","source":{"id":"0","name":"eventBus"}}
{"__type":"$$EventMessageWorkflow","id":"84590dc0-1e54-4fc2-ae9b-98bc2038a2f4","ts":"2025-07-03T15:38:06.043-04:00","eventName":"n8n.workflow.started","message":"n8n.workflow.started","payload":{"executionId":"16","workflowId":"QcG25WCq5PG10Bcc","isManual":false,"workflowName":"PR Detection"}}
{"__type":"$$EventMessageConfirm","confirm":"84590dc0-1e54-4fc2-ae9b-98bc2038a2f4","ts":"2025-07-03T15:38:06.044-04:00","source":{"id":"0","name":"eventBus"}}
{"__type":"$$EventMessageNode","id":"a4676b71-d922-4a70-a266-1bab5782b404","ts":"2025-07-03T15:38:06.045-04:00","eventName":"n8n.node.started","message":"n8n.node.started","payload":{"workflowId":"QcG25WCq5PG10Bcc","workflowName":"PR Detection","executionId":"16","nodeType":"n8n-nodes-base.webhook","nodeName":"Webhook","nodeId":"99aec541-99f9-4002-b72e-11140c5e08ee"}}
{"__type":"$$EventMessageConfirm","confirm":"a4676b71-d922-4a70-a266-1bab5782b404","ts":"2025-07-03T15:38:06.046-04:00","source":{"id":"0","name":"eventBus"}}
{"__type":"$$EventMessageNode","id":"bb22587d-e7c9-4907-8b60-a6f1e75fd106","ts":"2025-07-03T15:38:06.047-04:00","eventName":"n8n.node.finished","message":"n8n.node.finished","payload":{"workflowId":"QcG25WCq5PG10Bcc","workflowName":"PR Detection","executionId":"16","nodeType":"n8n-nodes-base.webhook","nodeName":"Webhook","nodeId":"99aec541-99f9-4002-b72e-11140c5e08ee"}}
{"__type":"$$EventMessageConfirm","confirm":"bb22587d-e7c9-4907-8b60-a6f1e75fd106","ts":"2025-07-03T15:38:06.047-04:00","source":{"id":"0","name":"eventBus"}}
{"__type":"$$EventMessageNode","id":"7e1e0c97-53eb-480a-aeeb-e578045a4eca","ts":"2025-07-03T15:38:06.049-04:00","eventName":"n8n.node.started","message":"n8n.node.started","payload":{"workflowId":"QcG25WCq5PG10Bcc","workflowName":"PR Detection","executionId":"16","nodeType":"n8n-nodes-base.httpRequest","nodeName":"HTTP Request","nodeId":"e8defa64-1291-4843-b25c-ef3bca31d899"}}
{"__type":"$$EventMessageConfirm","confirm":"7e1e0c97-53eb-480a-aeeb-e578045a4eca","ts":"2025-07-03T15:38:06.049-04:00","source":{"id":"0","name":"eventBus"}}
{"__type":"$$EventMessageNode","id":"4db5a105-d7fa-4d61-8e92-44cfa28757b6","ts":"2025-07-03T15:38:06.124-04:00","eventName":"n8n.node.finished","message":"n8n.node.finished","payload":{"workflowId":"QcG25WCq5PG10Bcc","workflowName":"PR Detection","executionId":"16","nodeType":"n8n-nodes-base.httpRequest","nodeName":"HTTP Request","nodeId":"e8defa64-1291-4843-b25c-ef3bca31d899"}}
{"__type":"$$EventMessageConfirm","confirm":"4db5a105-d7fa-4d61-8e92-44cfa28757b6","ts":"2025-07-03T15:38:06.124-04:00","source":{"id":"0","name":"eventBus"}}
{"__type":"$$EventMessageWorkflow","id":"f6987810-b425-443a-a3b7-a09c57c7c654","ts":"2025-07-03T15:38:06.135-04:00","eventName":"n8n.workflow.failed","message":"n8n.workflow.failed","payload":{"executionId":"16","success":false,"isManual":true,"workflowId":"QcG25WCq5PG10Bcc","workflowName":"PR Detection","lastNodeExecuted":"HTTP Request","errorNodeType":"n8n-nodes-base.httpRequest","errorMessage":"Invalid URL"}}
{"__type":"$$EventMessageConfirm","confirm":"f6987810-b425-443a-a3b7-a09c57c7c654","ts":"2025-07-03T15:38:06.135-04:00","source":{"id":"0","name":"eventBus"}}
{"__type":"$$EventMessageWorkflow","id":"f02da3f8-7448-4fc9-ba48-7698f918e761","ts":"2025-07-03T15:43:19.819-04:00","eventName":"n8n.workflow.started","message":"n8n.workflow.started","payload":{"executionId":"17","workflowId":"QcG25WCq5PG10Bcc","isManual":false,"workflowName":"PR Detection"}}
{"__type":"$$EventMessageConfirm","confirm":"f02da3f8-7448-4fc9-ba48-7698f918e761","ts":"2025-07-03T15:43:19.819-04:00","source":{"id":"0","name":"eventBus"}}
{"__type":"$$EventMessageNode","id":"f55972cb-97b0-4f7c-8527-4ea7af695975","ts":"2025-07-03T15:43:19.821-04:00","eventName":"n8n.node.started","message":"n8n.node.started","payload":{"workflowId":"QcG25WCq5PG10Bcc","workflowName":"PR Detection","executionId":"17","nodeType":"n8n-nodes-base.webhook","nodeName":"Webhook","nodeId":"99aec541-99f9-4002-b72e-11140c5e08ee"}}
{"__type":"$$EventMessageConfirm","confirm":"f55972cb-97b0-4f7c-8527-4ea7af695975","ts":"2025-07-03T15:43:19.821-04:00","source":{"id":"0","name":"eventBus"}}
{"__type":"$$EventMessageNode","id":"7462c01d-2545-4c59-b48e-86b94575e241","ts":"2025-07-03T15:43:19.822-04:00","eventName":"n8n.node.finished","message":"n8n.node.finished","payload":{"workflowId":"QcG25WCq5PG10Bcc","workflowName":"PR Detection","executionId":"17","nodeType":"n8n-nodes-base.webhook","nodeName":"Webhook","nodeId":"99aec541-99f9-4002-b72e-11140c5e08ee"}}
{"__type":"$$EventMessageConfirm","confirm":"7462c01d-2545-4c59-b48e-86b94575e241","ts":"2025-07-03T15:43:19.822-04:00","source":{"id":"0","name":"eventBus"}}
{"__type":"$$EventMessageNode","id":"30db820a-fa97-4511-8be9-cc1e30dfb647","ts":"2025-07-03T15:43:19.823-04:00","eventName":"n8n.node.started","message":"n8n.node.started","payload":{"workflowId":"QcG25WCq5PG10Bcc","workflowName":"PR Detection","executionId":"17","nodeType":"n8n-nodes-base.httpRequest","nodeName":"HTTP Request","nodeId":"e8defa64-1291-4843-b25c-ef3bca31d899"}}
{"__type":"$$EventMessageConfirm","confirm":"30db820a-fa97-4511-8be9-cc1e30dfb647","ts":"2025-07-03T15:43:19.823-04:00","source":{"id":"0","name":"eventBus"}}
{"__type":"$$EventMessageNode","id":"90541c11-9bb3-4a96-87e0-2bafc2bce3e8","ts":"2025-07-03T15:43:19.846-04:00","eventName":"n8n.node.finished","message":"n8n.node.finished","payload":{"workflowId":"QcG25WCq5PG10Bcc","workflowName":"PR Detection","executionId":"17","nodeType":"n8n-nodes-base.httpRequest","nodeName":"HTTP Request","nodeId":"e8defa64-1291-4843-b25c-ef3bca31d899"}}
{"__type":"$$EventMessageConfirm","confirm":"90541c11-9bb3-4a96-87e0-2bafc2bce3e8","ts":"2025-07-03T15:43:19.846-04:00","source":{"id":"0","name":"eventBus"}}
{"__type":"$$EventMessageWorkflow","id":"96c476dc-adc6-4806-a761-58b955b83e95","ts":"2025-07-03T15:43:19.859-04:00","eventName":"n8n.workflow.failed","message":"n8n.workflow.failed","payload":{"executionId":"17","success":false,"isManual":true,"workflowId":"QcG25WCq5PG10Bcc","workflowName":"PR Detection","lastNodeExecuted":"HTTP Request","errorNodeType":"n8n-nodes-base.httpRequest","errorMessage":"Invalid URL"}}
{"__type":"$$EventMessageConfirm","confirm":"96c476dc-adc6-4806-a761-58b955b83e95","ts":"2025-07-03T15:43:19.859-04:00","source":{"id":"0","name":"eventBus"}}
{"__type":"$$EventMessageAudit","id":"728b8044-459d-4467-868c-65ca91fb8fbb","ts":"2025-07-03T15:46:14.073-04:00","eventName":"n8n.audit.user.credentials.updated","message":"n8n.audit.user.credentials.updated","payload":{"userId":"ef40746b-8a5c-41b0-a34d-f3914bf407bf","_email":"dindyalsingh2310@gmail.com","_firstName":"Dindayal","_lastName":"Singh","globalRole":"global:owner","credentialType":"httpHeaderAuth","credentialId":"8TlwEdowUIURPi02"}}
{"__type":"$$EventMessageConfirm","confirm":"728b8044-459d-4467-868c-65ca91fb8fbb","ts":"2025-07-03T15:46:14.073-04:00","source":{"id":"0","name":"eventBus"}}
{"__type":"$$EventMessageWorkflow","id":"89147b94-e21c-47da-87b7-01cd5cc9ed9d","ts":"2025-07-03T15:46:26.771-04:00","eventName":"n8n.workflow.started","message":"n8n.workflow.started","payload":{"executionId":"18","workflowId":"QcG25WCq5PG10Bcc","isManual":false,"workflowName":"PR Detection"}}
{"__type":"$$EventMessageConfirm","confirm":"89147b94-e21c-47da-87b7-01cd5cc9ed9d","ts":"2025-07-03T15:46:26.771-04:00","source":{"id":"0","name":"eventBus"}}
{"__type":"$$EventMessageNode","id":"49ec1b00-fae5-4d35-9705-1fbb194cde40","ts":"2025-07-03T15:46:26.773-04:00","eventName":"n8n.node.started","message":"n8n.node.started","payload":{"workflowId":"QcG25WCq5PG10Bcc","workflowName":"PR Detection","executionId":"18","nodeType":"n8n-nodes-base.webhook","nodeName":"Webhook","nodeId":"99aec541-99f9-4002-b72e-11140c5e08ee"}}
{"__type":"$$EventMessageConfirm","confirm":"49ec1b00-fae5-4d35-9705-1fbb194cde40","ts":"2025-07-03T15:46:26.773-04:00","source":{"id":"0","name":"eventBus"}}
{"__type":"$$EventMessageNode","id":"3eae59a7-1d01-4ac2-8e31-7e667a0a511b","ts":"2025-07-03T15:46:26.774-04:00","eventName":"n8n.node.finished","message":"n8n.node.finished","payload":{"workflowId":"QcG25WCq5PG10Bcc","workflowName":"PR Detection","executionId":"18","nodeType":"n8n-nodes-base.webhook","nodeName":"Webhook","nodeId":"99aec541-99f9-4002-b72e-11140c5e08ee"}}
{"__type":"$$EventMessageConfirm","confirm":"3eae59a7-1d01-4ac2-8e31-7e667a0a511b","ts":"2025-07-03T15:46:26.774-04:00","source":{"id":"0","name":"eventBus"}}
{"__type":"$$EventMessageNode","id":"a101caa1-c545-4fc2-a977-681963ee8455","ts":"2025-07-03T15:46:26.775-04:00","eventName":"n8n.node.started","message":"n8n.node.started","payload":{"workflowId":"QcG25WCq5PG10Bcc","workflowName":"PR Detection","executionId":"18","nodeType":"n8n-nodes-base.httpRequest","nodeName":"HTTP Request","nodeId":"e8defa64-1291-4843-b25c-ef3bca31d899"}}
{"__type":"$$EventMessageConfirm","confirm":"a101caa1-c545-4fc2-a977-681963ee8455","ts":"2025-07-03T15:46:26.775-04:00","source":{"id":"0","name":"eventBus"}}
{"__type":"$$EventMessageNode","id":"f5aa6060-2b8f-4465-a9ae-9fb7c92695f5","ts":"2025-07-03T15:46:26.811-04:00","eventName":"n8n.node.finished","message":"n8n.node.finished","payload":{"workflowId":"QcG25WCq5PG10Bcc","workflowName":"PR Detection","executionId":"18","nodeType":"n8n-nodes-base.httpRequest","nodeName":"HTTP Request","nodeId":"e8defa64-1291-4843-b25c-ef3bca31d899"}}
{"__type":"$$EventMessageConfirm","confirm":"f5aa6060-2b8f-4465-a9ae-9fb7c92695f5","ts":"2025-07-03T15:46:26.811-04:00","source":{"id":"0","name":"eventBus"}}
{"__type":"$$EventMessageWorkflow","id":"9bbf9e81-4bae-4bef-9e7e-835c918ecbb7","ts":"2025-07-03T15:46:26.814-04:00","eventName":"n8n.workflow.failed","message":"n8n.workflow.failed","payload":{"executionId":"18","success":false,"isManual":true,"workflowId":"QcG25WCq5PG10Bcc","workflowName":"PR Detection","lastNodeExecuted":"HTTP Request","errorNodeType":"n8n-nodes-base.httpRequest","errorMessage":"Invalid URL"}}
{"__type":"$$EventMessageConfirm","confirm":"9bbf9e81-4bae-4bef-9e7e-835c918ecbb7","ts":"2025-07-03T15:46:26.814-04:00","source":{"id":"0","name":"eventBus"}}
{"__type":"$$EventMessageWorkflow","id":"9d71cd9c-38e6-490e-a5f2-28d6b017dc34","ts":"2025-07-03T15:47:45.177-04:00","eventName":"n8n.workflow.started","message":"n8n.workflow.started","payload":{"executionId":"19","workflowId":"QcG25WCq5PG10Bcc","isManual":false,"workflowName":"PR Detection"}}
{"__type":"$$EventMessageConfirm","confirm":"9d71cd9c-38e6-490e-a5f2-28d6b017dc34","ts":"2025-07-03T15:47:45.177-04:00","source":{"id":"0","name":"eventBus"}}
{"__type":"$$EventMessageNode","id":"a7e7788d-da96-49dd-aed9-e5429330ecd1","ts":"2025-07-03T15:47:45.180-04:00","eventName":"n8n.node.started","message":"n8n.node.started","payload":{"workflowId":"QcG25WCq5PG10Bcc","workflowName":"PR Detection","executionId":"19","nodeType":"n8n-nodes-base.webhook","nodeName":"Webhook","nodeId":"99aec541-99f9-4002-b72e-11140c5e08ee"}}
{"__type":"$$EventMessageConfirm","confirm":"a7e7788d-da96-49dd-aed9-e5429330ecd1","ts":"2025-07-03T15:47:45.180-04:00","source":{"id":"0","name":"eventBus"}}
{"__type":"$$EventMessageNode","id":"f1513088-d61f-4bcf-9f79-243be5f461eb","ts":"2025-07-03T15:47:45.181-04:00","eventName":"n8n.node.finished","message":"n8n.node.finished","payload":{"workflowId":"QcG25WCq5PG10Bcc","workflowName":"PR Detection","executionId":"19","nodeType":"n8n-nodes-base.webhook","nodeName":"Webhook","nodeId":"99aec541-99f9-4002-b72e-11140c5e08ee"}}
{"__type":"$$EventMessageConfirm","confirm":"f1513088-d61f-4bcf-9f79-243be5f461eb","ts":"2025-07-03T15:47:45.182-04:00","source":{"id":"0","name":"eventBus"}}
{"__type":"$$EventMessageNode","id":"59a77de7-6dd6-44a7-9b9a-54d88fb43423","ts":"2025-07-03T15:47:45.183-04:00","eventName":"n8n.node.started","message":"n8n.node.started","payload":{"workflowId":"QcG25WCq5PG10Bcc","workflowName":"PR Detection","executionId":"19","nodeType":"n8n-nodes-base.httpRequest","nodeName":"HTTP Request","nodeId":"e8defa64-1291-4843-b25c-ef3bca31d899"}}
{"__type":"$$EventMessageConfirm","confirm":"59a77de7-6dd6-44a7-9b9a-54d88fb43423","ts":"2025-07-03T15:47:45.183-04:00","source":{"id":"0","name":"eventBus"}}
{"__type":"$$EventMessageNode","id":"c259a179-d615-4470-b46e-e6885379ec89","ts":"2025-07-03T15:47:45.215-04:00","eventName":"n8n.node.finished","message":"n8n.node.finished","payload":{"workflowId":"QcG25WCq5PG10Bcc","workflowName":"PR Detection","executionId":"19","nodeType":"n8n-nodes-base.httpRequest","nodeName":"HTTP Request","nodeId":"e8defa64-1291-4843-b25c-ef3bca31d899"}}
{"__type":"$$EventMessageConfirm","confirm":"c259a179-d615-4470-b46e-e6885379ec89","ts":"2025-07-03T15:47:45.215-04:00","source":{"id":"0","name":"eventBus"}}
{"__type":"$$EventMessageWorkflow","id":"90aad51e-4eb2-4795-b678-45e8f3d656c4","ts":"2025-07-03T15:47:45.228-04:00","eventName":"n8n.workflow.failed","message":"n8n.workflow.failed","payload":{"executionId":"19","success":false,"isManual":true,"workflowId":"QcG25WCq5PG10Bcc","workflowName":"PR Detection","lastNodeExecuted":"HTTP Request","errorNodeType":"n8n-nodes-base.httpRequest","errorMessage":"Invalid URL"}}
{"__type":"$$EventMessageConfirm","confirm":"90aad51e-4eb2-4795-b678-45e8f3d656c4","ts":"2025-07-03T15:47:45.228-04:00","source":{"id":"0","name":"eventBus"}}
{"__type":"$$EventMessageAudit","id":"27b935b2-5aa9-46f5-8a9b-c772d3c8bbf9","ts":"2025-07-03T15:52:48.477-04:00","eventName":"n8n.audit.workflow.updated","message":"n8n.audit.workflow.updated","payload":{"userId":"ef40746b-8a5c-41b0-a34d-f3914bf407bf","_email":"dindyalsingh2310@gmail.com","_firstName":"Dindayal","_lastName":"Singh","globalRole":"global:owner","workflowId":"QcG25WCq5PG10Bcc","workflowName":"PR Detection"}}
{"__type":"$$EventMessageConfirm","confirm":"27b935b2-5aa9-46f5-8a9b-c772d3c8bbf9","ts":"2025-07-03T15:52:48.477-04:00","source":{"id":"0","name":"eventBus"}}
{"__type":"$$EventMessageAudit","id":"7cd1b351-6f48-4c41-a923-38090fcab974","ts":"2025-07-03T15:52:50.556-04:00","eventName":"n8n.audit.workflow.updated","message":"n8n.audit.workflow.updated","payload":{"userId":"ef40746b-8a5c-41b0-a34d-f3914bf407bf","_email":"dindyalsingh2310@gmail.com","_firstName":"Dindayal","_lastName":"Singh","globalRole":"global:owner","workflowId":"QcG25WCq5PG10Bcc","workflowName":"PR Detection"}}
{"__type":"$$EventMessageConfirm","confirm":"7cd1b351-6f48-4c41-a923-38090fcab974","ts":"2025-07-03T15:52:50.556-04:00","source":{"id":"0","name":"eventBus"}}
