{"__type":"$$EventMessageWorkflow","id":"36a90ee9-6e41-436f-b59d-1313d68718b3","ts":"2025-07-04T07:49:14.818-04:00","eventName":"n8n.workflow.started","message":"n8n.workflow.started","payload":{"executionId":"69","workflowId":"QcG25WCq5PG10Bcc","isManual":false,"workflowName":"PR Detection"}}
{"__type":"$$EventMessageConfirm","confirm":"36a90ee9-6e41-436f-b59d-1313d68718b3","ts":"2025-07-04T07:49:14.819-04:00","source":{"id":"0","name":"eventBus"}}
{"__type":"$$EventMessageNode","id":"3378756a-e8d4-473f-a013-4cefc73596dd","ts":"2025-07-04T07:49:14.828-04:00","eventName":"n8n.node.started","message":"n8n.node.started","payload":{"workflowId":"QcG25WCq5PG10Bcc","workflowName":"PR Detection","executionId":"69","nodeType":"n8n-nodes-base.webhook","nodeName":"Webhook","nodeId":"99aec541-99f9-4002-b72e-11140c5e08ee"}}
{"__type":"$$EventMessageConfirm","confirm":"3378756a-e8d4-473f-a013-4cefc73596dd","ts":"2025-07-04T07:49:14.828-04:00","source":{"id":"0","name":"eventBus"}}
{"__type":"$$EventMessageNode","id":"a7330557-4ff5-4df9-9979-9063cc9e9a2b","ts":"2025-07-04T07:49:14.858-04:00","eventName":"n8n.node.finished","message":"n8n.node.finished","payload":{"workflowId":"QcG25WCq5PG10Bcc","workflowName":"PR Detection","executionId":"69","nodeType":"n8n-nodes-base.webhook","nodeName":"Webhook","nodeId":"99aec541-99f9-4002-b72e-11140c5e08ee"}}
{"__type":"$$EventMessageConfirm","confirm":"a7330557-4ff5-4df9-9979-9063cc9e9a2b","ts":"2025-07-04T07:49:14.858-04:00","source":{"id":"0","name":"eventBus"}}
{"__type":"$$EventMessageNode","id":"41b96be7-dc1f-4980-9a77-07935b2953a5","ts":"2025-07-04T07:49:14.861-04:00","eventName":"n8n.node.started","message":"n8n.node.started","payload":{"workflowId":"QcG25WCq5PG10Bcc","workflowName":"PR Detection","executionId":"69","nodeType":"n8n-nodes-base.set","nodeName":"Debug Input","nodeId":"e840b828-c01a-4dde-b637-f8c96c0b7307"}}
{"__type":"$$EventMessageConfirm","confirm":"41b96be7-dc1f-4980-9a77-07935b2953a5","ts":"2025-07-04T07:49:14.864-04:00","source":{"id":"0","name":"eventBus"}}
{"__type":"$$EventMessageNode","id":"2c11885e-f70d-4b91-9c19-4f2a7b4ffa22","ts":"2025-07-04T07:49:14.905-04:00","eventName":"n8n.node.finished","message":"n8n.node.finished","payload":{"workflowId":"QcG25WCq5PG10Bcc","workflowName":"PR Detection","executionId":"69","nodeType":"n8n-nodes-base.set","nodeName":"Debug Input","nodeId":"e840b828-c01a-4dde-b637-f8c96c0b7307"}}
{"__type":"$$EventMessageConfirm","confirm":"2c11885e-f70d-4b91-9c19-4f2a7b4ffa22","ts":"2025-07-04T07:49:14.906-04:00","source":{"id":"0","name":"eventBus"}}
{"__type":"$$EventMessageNode","id":"b7c79efd-198d-4200-b121-efbca77f66ff","ts":"2025-07-04T07:49:14.907-04:00","eventName":"n8n.node.started","message":"n8n.node.started","payload":{"workflowId":"QcG25WCq5PG10Bcc","workflowName":"PR Detection","executionId":"69","nodeType":"n8n-nodes-base.set","nodeName":"Set","nodeId":"6dbc35b2-b286-4942-ac7e-e5d90b4d8398"}}
{"__type":"$$EventMessageConfirm","confirm":"b7c79efd-198d-4200-b121-efbca77f66ff","ts":"2025-07-04T07:49:14.908-04:00","source":{"id":"0","name":"eventBus"}}
{"__type":"$$EventMessageNode","id":"cab897af-cc87-4e85-bc16-36615a332b55","ts":"2025-07-04T07:49:14.940-04:00","eventName":"n8n.node.finished","message":"n8n.node.finished","payload":{"workflowId":"QcG25WCq5PG10Bcc","workflowName":"PR Detection","executionId":"69","nodeType":"n8n-nodes-base.set","nodeName":"Set","nodeId":"6dbc35b2-b286-4942-ac7e-e5d90b4d8398"}}
{"__type":"$$EventMessageConfirm","confirm":"cab897af-cc87-4e85-bc16-36615a332b55","ts":"2025-07-04T07:49:14.940-04:00","source":{"id":"0","name":"eventBus"}}
{"__type":"$$EventMessageNode","id":"5ca4d7b3-55fd-4cd1-b79e-98ce602459f2","ts":"2025-07-04T07:49:14.943-04:00","eventName":"n8n.node.started","message":"n8n.node.started","payload":{"workflowId":"QcG25WCq5PG10Bcc","workflowName":"PR Detection","executionId":"69","nodeType":"n8n-nodes-base.httpRequest","nodeName":"HTTP Request","nodeId":"e8defa64-1291-4843-b25c-ef3bca31d899"}}
{"__type":"$$EventMessageConfirm","confirm":"5ca4d7b3-55fd-4cd1-b79e-98ce602459f2","ts":"2025-07-04T07:49:14.944-04:00","source":{"id":"0","name":"eventBus"}}
{"__type":"$$EventMessageNode","id":"ce4dca09-a581-46e0-a7a6-5902460fc3a3","ts":"2025-07-04T07:49:15.497-04:00","eventName":"n8n.node.finished","message":"n8n.node.finished","payload":{"workflowId":"QcG25WCq5PG10Bcc","workflowName":"PR Detection","executionId":"69","nodeType":"n8n-nodes-base.httpRequest","nodeName":"HTTP Request","nodeId":"e8defa64-1291-4843-b25c-ef3bca31d899"}}
{"__type":"$$EventMessageConfirm","confirm":"ce4dca09-a581-46e0-a7a6-5902460fc3a3","ts":"2025-07-04T07:49:15.498-04:00","source":{"id":"0","name":"eventBus"}}
{"__type":"$$EventMessageNode","id":"a6f6f648-adba-479e-b7e5-84d8b64ed10d","ts":"2025-07-04T07:49:15.501-04:00","eventName":"n8n.node.started","message":"n8n.node.started","payload":{"workflowId":"QcG25WCq5PG10Bcc","workflowName":"PR Detection","executionId":"69","nodeType":"n8n-nodes-base.convertToFile","nodeName":"Convert to File","nodeId":"a48233e5-c9db-4cf4-954f-8675e58fabce"}}
{"__type":"$$EventMessageConfirm","confirm":"a6f6f648-adba-479e-b7e5-84d8b64ed10d","ts":"2025-07-04T07:49:15.501-04:00","source":{"id":"0","name":"eventBus"}}
{"__type":"$$EventMessageNode","id":"7c8fd667-3c44-4952-9fa7-f138434046ef","ts":"2025-07-04T07:49:15.538-04:00","eventName":"n8n.node.finished","message":"n8n.node.finished","payload":{"workflowId":"QcG25WCq5PG10Bcc","workflowName":"PR Detection","executionId":"69","nodeType":"n8n-nodes-base.convertToFile","nodeName":"Convert to File","nodeId":"a48233e5-c9db-4cf4-954f-8675e58fabce"}}
{"__type":"$$EventMessageConfirm","confirm":"7c8fd667-3c44-4952-9fa7-f138434046ef","ts":"2025-07-04T07:49:15.539-04:00","source":{"id":"0","name":"eventBus"}}
{"__type":"$$EventMessageNode","id":"a4898dd9-4529-426b-8529-ef860533909a","ts":"2025-07-04T07:49:15.540-04:00","eventName":"n8n.node.started","message":"n8n.node.started","payload":{"workflowId":"QcG25WCq5PG10Bcc","workflowName":"PR Detection","executionId":"69","nodeType":"n8n-nodes-base.readWriteFile","nodeName":"Read/Write Files from Disk","nodeId":"37540174-00e6-4e99-a677-7f0f580015d1"}}
{"__type":"$$EventMessageConfirm","confirm":"a4898dd9-4529-426b-8529-ef860533909a","ts":"2025-07-04T07:49:15.540-04:00","source":{"id":"0","name":"eventBus"}}
{"__type":"$$EventMessageNode","id":"89db1270-fd7f-4054-9346-1c02c7578ec9","ts":"2025-07-04T07:49:15.614-04:00","eventName":"n8n.node.finished","message":"n8n.node.finished","payload":{"workflowId":"QcG25WCq5PG10Bcc","workflowName":"PR Detection","executionId":"69","nodeType":"n8n-nodes-base.readWriteFile","nodeName":"Read/Write Files from Disk","nodeId":"37540174-00e6-4e99-a677-7f0f580015d1"}}
{"__type":"$$EventMessageConfirm","confirm":"89db1270-fd7f-4054-9346-1c02c7578ec9","ts":"2025-07-04T07:49:15.615-04:00","source":{"id":"0","name":"eventBus"}}
{"__type":"$$EventMessageWorkflow","id":"c6f2ff03-f86a-4a92-aa06-2abb00e04ff7","ts":"2025-07-04T07:49:15.638-04:00","eventName":"n8n.workflow.failed","message":"n8n.workflow.failed","payload":{"executionId":"69","success":false,"isManual":true,"workflowId":"QcG25WCq5PG10Bcc","workflowName":"PR Detection","lastNodeExecuted":"Read/Write Files from Disk","errorNodeType":"n8n-nodes-base.readWriteFile","errorMessage":"The file \"/home/node/.n8n/logs/pr_logs.json\" is not writable."}}
{"__type":"$$EventMessageConfirm","confirm":"c6f2ff03-f86a-4a92-aa06-2abb00e04ff7","ts":"2025-07-04T07:49:15.639-04:00","source":{"id":"0","name":"eventBus"}}
