{"__type":"$$EventMessageAudit","id":"71cd7610-c45e-47e2-b762-ffdcaa0a59da","ts":"2025-07-05T04:50:01.413+00:00","eventName":"n8n.audit.workflow.updated","message":"n8n.audit.workflow.updated","payload":{"userId":"22f189db-1624-40dd-b4f7-23e2180fe59f","_email":"dindyalsingh2310@gmail.com","_firstName":"Dindayal","_lastName":"Singh","globalRole":"global:owner","workflowId":"zEPTZeqlkBLKlpLv","workflowName":"PR_Detection"}}
{"__type":"$$EventMessageConfirm","confirm":"71cd7610-c45e-47e2-b762-ffdcaa0a59da","ts":"2025-07-05T04:50:01.414+00:00","source":{"id":"0","name":"eventBus"}}
{"__type":"$$EventMessageAudit","id":"c914d09d-8006-411e-95eb-7571645c018a","ts":"2025-07-05T05:02:30.924+00:00","eventName":"n8n.audit.user.credentials.created","message":"n8n.audit.user.credentials.created","payload":{"userId":"22f189db-1624-40dd-b4f7-23e2180fe59f","_email":"dindyalsingh2310@gmail.com","_firstName":"Dindayal","_lastName":"Singh","globalRole":"global:owner","credentialType":"httpHeaderAuth","credentialId":"hAhv5SFSzFL3S4WT","publicApi":false,"projectId":"i9xYMMj562xVXsVB","projectType":"personal"}}
{"__type":"$$EventMessageConfirm","confirm":"c914d09d-8006-411e-95eb-7571645c018a","ts":"2025-07-05T05:02:30.925+00:00","source":{"id":"0","name":"eventBus"}}
{"__type":"$$EventMessageWorkflow","id":"d9ab8a6b-9986-4435-9725-fa38167a4014","ts":"2025-07-05T01:02:43.719-04:00","eventName":"n8n.workflow.started","message":"n8n.workflow.started","payload":{"executionId":"1","workflowId":"zEPTZeqlkBLKlpLv","isManual":false,"workflowName":"PR_Detection"}}
{"__type":"$$EventMessageConfirm","confirm":"d9ab8a6b-9986-4435-9725-fa38167a4014","ts":"2025-07-05T01:02:43.720-04:00","source":{"id":"0","name":"eventBus"}}
{"__type":"$$EventMessageNode","id":"ffc89945-d04a-40b7-b82f-ec4bb8d4a805","ts":"2025-07-05T01:02:43.736-04:00","eventName":"n8n.node.started","message":"n8n.node.started","payload":{"workflowId":"zEPTZeqlkBLKlpLv","workflowName":"PR_Detection","executionId":"1","nodeType":"n8n-nodes-base.webhook","nodeName":"Webhook","nodeId":"37d96635-2b9a-4628-a097-3006a8e891a5"}}
{"__type":"$$EventMessageConfirm","confirm":"ffc89945-d04a-40b7-b82f-ec4bb8d4a805","ts":"2025-07-05T01:02:43.737-04:00","source":{"id":"0","name":"eventBus"}}
{"__type":"$$EventMessageNode","id":"c9decd63-f01c-49a2-b0f4-2a4def6a0d7c","ts":"2025-07-05T01:02:43.752-04:00","eventName":"n8n.node.finished","message":"n8n.node.finished","payload":{"workflowId":"zEPTZeqlkBLKlpLv","workflowName":"PR_Detection","executionId":"1","nodeType":"n8n-nodes-base.webhook","nodeName":"Webhook","nodeId":"37d96635-2b9a-4628-a097-3006a8e891a5"}}
{"__type":"$$EventMessageConfirm","confirm":"c9decd63-f01c-49a2-b0f4-2a4def6a0d7c","ts":"2025-07-05T01:02:43.753-04:00","source":{"id":"0","name":"eventBus"}}
{"__type":"$$EventMessageNode","id":"02c9a8b2-d3e8-4566-bab5-f89bbaf1c511","ts":"2025-07-05T01:02:43.765-04:00","eventName":"n8n.node.started","message":"n8n.node.started","payload":{"workflowId":"zEPTZeqlkBLKlpLv","workflowName":"PR_Detection","executionId":"1","nodeType":"n8n-nodes-base.set","nodeName":"Debug Input","nodeId":"188731df-d067-4b01-848b-1bc6210634a1"}}
{"__type":"$$EventMessageConfirm","confirm":"02c9a8b2-d3e8-4566-bab5-f89bbaf1c511","ts":"2025-07-05T01:02:43.765-04:00","source":{"id":"0","name":"eventBus"}}
{"__type":"$$EventMessageNode","id":"72cfc3d1-6e8e-4a1a-bc34-2355a431a795","ts":"2025-07-05T01:02:43.830-04:00","eventName":"n8n.node.finished","message":"n8n.node.finished","payload":{"workflowId":"zEPTZeqlkBLKlpLv","workflowName":"PR_Detection","executionId":"1","nodeType":"n8n-nodes-base.set","nodeName":"Debug Input","nodeId":"188731df-d067-4b01-848b-1bc6210634a1"}}
{"__type":"$$EventMessageConfirm","confirm":"72cfc3d1-6e8e-4a1a-bc34-2355a431a795","ts":"2025-07-05T01:02:43.830-04:00","source":{"id":"0","name":"eventBus"}}
{"__type":"$$EventMessageNode","id":"200fa70a-8e86-4237-b35b-ab0d8244a472","ts":"2025-07-05T01:02:43.831-04:00","eventName":"n8n.node.started","message":"n8n.node.started","payload":{"workflowId":"zEPTZeqlkBLKlpLv","workflowName":"PR_Detection","executionId":"1","nodeType":"n8n-nodes-base.set","nodeName":"Set","nodeId":"7eff4a9e-141e-43ee-b2a7-0eb396e2269d"}}
{"__type":"$$EventMessageConfirm","confirm":"200fa70a-8e86-4237-b35b-ab0d8244a472","ts":"2025-07-05T01:02:43.832-04:00","source":{"id":"0","name":"eventBus"}}
{"__type":"$$EventMessageNode","id":"549dd405-8ae3-41fb-bd55-703f32edbe47","ts":"2025-07-05T01:02:43.866-04:00","eventName":"n8n.node.finished","message":"n8n.node.finished","payload":{"workflowId":"zEPTZeqlkBLKlpLv","workflowName":"PR_Detection","executionId":"1","nodeType":"n8n-nodes-base.set","nodeName":"Set","nodeId":"7eff4a9e-141e-43ee-b2a7-0eb396e2269d"}}
{"__type":"$$EventMessageConfirm","confirm":"549dd405-8ae3-41fb-bd55-703f32edbe47","ts":"2025-07-05T01:02:43.866-04:00","source":{"id":"0","name":"eventBus"}}
{"__type":"$$EventMessageNode","id":"dd095121-e664-4300-abb9-428d3e6d2cc7","ts":"2025-07-05T01:02:43.868-04:00","eventName":"n8n.node.started","message":"n8n.node.started","payload":{"workflowId":"zEPTZeqlkBLKlpLv","workflowName":"PR_Detection","executionId":"1","nodeType":"n8n-nodes-base.httpRequest","nodeName":"HTTP Request","nodeId":"14a8c78c-bccd-4149-9075-4eb897a32f3d"}}
{"__type":"$$EventMessageConfirm","confirm":"dd095121-e664-4300-abb9-428d3e6d2cc7","ts":"2025-07-05T01:02:43.868-04:00","source":{"id":"0","name":"eventBus"}}
{"__type":"$$EventMessageNode","id":"a9d3673c-055f-470b-9083-ade1510c5bba","ts":"2025-07-05T01:02:44.475-04:00","eventName":"n8n.node.finished","message":"n8n.node.finished","payload":{"workflowId":"zEPTZeqlkBLKlpLv","workflowName":"PR_Detection","executionId":"1","nodeType":"n8n-nodes-base.httpRequest","nodeName":"HTTP Request","nodeId":"14a8c78c-bccd-4149-9075-4eb897a32f3d"}}
{"__type":"$$EventMessageConfirm","confirm":"a9d3673c-055f-470b-9083-ade1510c5bba","ts":"2025-07-05T01:02:44.475-04:00","source":{"id":"0","name":"eventBus"}}
{"__type":"$$EventMessageNode","id":"2faa6157-1266-42d1-9859-10ea72ffd29b","ts":"2025-07-05T01:02:44.477-04:00","eventName":"n8n.node.started","message":"n8n.node.started","payload":{"workflowId":"zEPTZeqlkBLKlpLv","workflowName":"PR_Detection","executionId":"1","nodeType":"n8n-nodes-base.convertToFile","nodeName":"Convert to File","nodeId":"ff33a0d3-c5bc-4ae9-b79b-eccb90c867ad"}}
{"__type":"$$EventMessageConfirm","confirm":"2faa6157-1266-42d1-9859-10ea72ffd29b","ts":"2025-07-05T01:02:44.477-04:00","source":{"id":"0","name":"eventBus"}}
{"__type":"$$EventMessageNode","id":"4b2c129c-9526-49c0-970b-6ae2f2aa4350","ts":"2025-07-05T01:02:44.590-04:00","eventName":"n8n.node.finished","message":"n8n.node.finished","payload":{"workflowId":"zEPTZeqlkBLKlpLv","workflowName":"PR_Detection","executionId":"1","nodeType":"n8n-nodes-base.convertToFile","nodeName":"Convert to File","nodeId":"ff33a0d3-c5bc-4ae9-b79b-eccb90c867ad"}}
{"__type":"$$EventMessageConfirm","confirm":"4b2c129c-9526-49c0-970b-6ae2f2aa4350","ts":"2025-07-05T01:02:44.590-04:00","source":{"id":"0","name":"eventBus"}}
{"__type":"$$EventMessageNode","id":"5468e79b-e579-4234-9361-2ecd5abc85e1","ts":"2025-07-05T01:02:44.591-04:00","eventName":"n8n.node.started","message":"n8n.node.started","payload":{"workflowId":"zEPTZeqlkBLKlpLv","workflowName":"PR_Detection","executionId":"1","nodeType":"n8n-nodes-base.readWriteFile","nodeName":"Read/Write Files from Disk","nodeId":"a4e3611d-71ca-491b-bc82-824a3ea9ff2f"}}
{"__type":"$$EventMessageConfirm","confirm":"5468e79b-e579-4234-9361-2ecd5abc85e1","ts":"2025-07-05T01:02:44.592-04:00","source":{"id":"0","name":"eventBus"}}
{"__type":"$$EventMessageNode","id":"9be352bf-4eff-4d1a-ab48-6af5da4c13f5","ts":"2025-07-05T01:02:44.708-04:00","eventName":"n8n.node.finished","message":"n8n.node.finished","payload":{"workflowId":"zEPTZeqlkBLKlpLv","workflowName":"PR_Detection","executionId":"1","nodeType":"n8n-nodes-base.readWriteFile","nodeName":"Read/Write Files from Disk","nodeId":"a4e3611d-71ca-491b-bc82-824a3ea9ff2f"}}
{"__type":"$$EventMessageConfirm","confirm":"9be352bf-4eff-4d1a-ab48-6af5da4c13f5","ts":"2025-07-05T01:02:44.708-04:00","source":{"id":"0","name":"eventBus"}}
{"__type":"$$EventMessageWorkflow","id":"1c69f42b-ef68-4d19-befa-5f9080c0f025","ts":"2025-07-05T01:02:44.748-04:00","eventName":"n8n.workflow.failed","message":"n8n.workflow.failed","payload":{"executionId":"1","success":false,"isManual":true,"workflowId":"zEPTZeqlkBLKlpLv","workflowName":"PR_Detection","lastNodeExecuted":"Read/Write Files from Disk","errorNodeType":"n8n-nodes-base.readWriteFile","errorMessage":"The file \"/home/node/.n8n/logs/pr_logs.json\" is not writable."}}
{"__type":"$$EventMessageConfirm","confirm":"1c69f42b-ef68-4d19-befa-5f9080c0f025","ts":"2025-07-05T01:02:44.748-04:00","source":{"id":"0","name":"eventBus"}}
{"__type":"$$EventMessageWorkflow","id":"b4f4f05b-95ec-4072-8dbf-17db00df7227","ts":"2025-07-05T01:10:12.432-04:00","eventName":"n8n.workflow.started","message":"n8n.workflow.started","payload":{"executionId":"2","workflowId":"zEPTZeqlkBLKlpLv","isManual":false,"workflowName":"PR_Detection"}}
{"__type":"$$EventMessageConfirm","confirm":"b4f4f05b-95ec-4072-8dbf-17db00df7227","ts":"2025-07-05T01:10:12.432-04:00","source":{"id":"0","name":"eventBus"}}
{"__type":"$$EventMessageNode","id":"8eb6d54e-df34-4794-882d-116b7c134b0f","ts":"2025-07-05T01:10:12.436-04:00","eventName":"n8n.node.started","message":"n8n.node.started","payload":{"workflowId":"zEPTZeqlkBLKlpLv","workflowName":"PR_Detection","executionId":"2","nodeType":"n8n-nodes-base.code","nodeName":"Transform JSON","nodeId":"993c6c28-0fa9-45a4-be25-9e808d419c03"}}
{"__type":"$$EventMessageConfirm","confirm":"8eb6d54e-df34-4794-882d-116b7c134b0f","ts":"2025-07-05T01:10:12.437-04:00","source":{"id":"0","name":"eventBus"}}
{"__type":"$$EventMessageRunner","id":"c6124681-38a0-48bc-b6f9-aa6f05b2cd1d","ts":"2025-07-05T01:10:12.457-04:00","eventName":"n8n.runner.task.requested","message":"n8n.runner.task.requested","payload":{"taskId":"cFXF6F9_","nodeId":"993c6c28-0fa9-45a4-be25-9e808d419c03","workflowId":"zEPTZeqlkBLKlpLv","executionId":"2"}}
{"__type":"$$EventMessageConfirm","confirm":"c6124681-38a0-48bc-b6f9-aa6f05b2cd1d","ts":"2025-07-05T01:10:12.458-04:00","source":{"id":"0","name":"eventBus"}}
{"__type":"$$EventMessageNode","id":"1d12f63f-a1ba-4e5d-bc0a-62dcfd0f0785","ts":"2025-07-05T01:10:12.720-04:00","eventName":"n8n.node.finished","message":"n8n.node.finished","payload":{"workflowId":"zEPTZeqlkBLKlpLv","workflowName":"PR_Detection","executionId":"2","nodeType":"n8n-nodes-base.code","nodeName":"Transform JSON","nodeId":"993c6c28-0fa9-45a4-be25-9e808d419c03"}}
{"__type":"$$EventMessageConfirm","confirm":"1d12f63f-a1ba-4e5d-bc0a-62dcfd0f0785","ts":"2025-07-05T01:10:12.720-04:00","source":{"id":"0","name":"eventBus"}}
{"__type":"$$EventMessageWorkflow","id":"5606f05b-1cda-4817-81e0-551713f2eec8","ts":"2025-07-05T01:10:12.736-04:00","eventName":"n8n.workflow.failed","message":"n8n.workflow.failed","payload":{"userId":"22f189db-1624-40dd-b4f7-23e2180fe59f","executionId":"2","success":false,"isManual":true,"workflowId":"zEPTZeqlkBLKlpLv","workflowName":"PR_Detection","lastNodeExecuted":"Transform JSON","errorMessage":"Cannot assign to read only property 'name' of object 'Error: Referenced node doesn't exist'"}}
{"__type":"$$EventMessageConfirm","confirm":"5606f05b-1cda-4817-81e0-551713f2eec8","ts":"2025-07-05T01:10:12.736-04:00","source":{"id":"0","name":"eventBus"}}
{"__type":"$$EventMessageWorkflow","id":"cff583b3-f3fe-4649-b2c1-a565d35eac69","ts":"2025-07-05T01:15:32.641-04:00","eventName":"n8n.workflow.started","message":"n8n.workflow.started","payload":{"executionId":"3","workflowId":"zEPTZeqlkBLKlpLv","isManual":false,"workflowName":"PR_Detection"}}
{"__type":"$$EventMessageConfirm","confirm":"cff583b3-f3fe-4649-b2c1-a565d35eac69","ts":"2025-07-05T01:15:32.641-04:00","source":{"id":"0","name":"eventBus"}}
{"__type":"$$EventMessageNode","id":"c34e8a79-c2be-4062-a0e8-67097757668a","ts":"2025-07-05T01:15:32.643-04:00","eventName":"n8n.node.started","message":"n8n.node.started","payload":{"workflowId":"zEPTZeqlkBLKlpLv","workflowName":"PR_Detection","executionId":"3","nodeType":"n8n-nodes-base.code","nodeName":"Transform JSON","nodeId":"993c6c28-0fa9-45a4-be25-9e808d419c03"}}
{"__type":"$$EventMessageConfirm","confirm":"c34e8a79-c2be-4062-a0e8-67097757668a","ts":"2025-07-05T01:15:32.643-04:00","source":{"id":"0","name":"eventBus"}}
{"__type":"$$EventMessageRunner","id":"da716c1f-c1b7-461a-a129-ae502bae3b64","ts":"2025-07-05T01:15:32.656-04:00","eventName":"n8n.runner.task.requested","message":"n8n.runner.task.requested","payload":{"taskId":"Wv-03erf","nodeId":"993c6c28-0fa9-45a4-be25-9e808d419c03","workflowId":"zEPTZeqlkBLKlpLv","executionId":"3"}}
{"__type":"$$EventMessageConfirm","confirm":"da716c1f-c1b7-461a-a129-ae502bae3b64","ts":"2025-07-05T01:15:32.656-04:00","source":{"id":"0","name":"eventBus"}}
{"__type":"$$EventMessageRunner","id":"cc201be4-c153-4084-baa7-306bdc8ec1d9","ts":"2025-07-05T01:15:32.713-04:00","eventName":"n8n.runner.response.received","message":"n8n.runner.response.received","payload":{"taskId":"Wv-03erf","nodeId":"993c6c28-0fa9-45a4-be25-9e808d419c03","workflowId":"zEPTZeqlkBLKlpLv","executionId":"3"}}
{"__type":"$$EventMessageConfirm","confirm":"cc201be4-c153-4084-baa7-306bdc8ec1d9","ts":"2025-07-05T01:15:32.714-04:00","source":{"id":"0","name":"eventBus"}}
{"__type":"$$EventMessageNode","id":"96b50a03-0b8c-4259-86a7-cae6ccea70fa","ts":"2025-07-05T01:15:32.714-04:00","eventName":"n8n.node.finished","message":"n8n.node.finished","payload":{"workflowId":"zEPTZeqlkBLKlpLv","workflowName":"PR_Detection","executionId":"3","nodeType":"n8n-nodes-base.code","nodeName":"Transform JSON","nodeId":"993c6c28-0fa9-45a4-be25-9e808d419c03"}}
{"__type":"$$EventMessageConfirm","confirm":"96b50a03-0b8c-4259-86a7-cae6ccea70fa","ts":"2025-07-05T01:15:32.715-04:00","source":{"id":"0","name":"eventBus"}}
{"__type":"$$EventMessageWorkflow","id":"678a9621-37cb-417c-8d48-6e8ea10a1b23","ts":"2025-07-05T01:15:32.732-04:00","eventName":"n8n.workflow.success","message":"n8n.workflow.success","payload":{"userId":"22f189db-1624-40dd-b4f7-23e2180fe59f","executionId":"3","success":true,"isManual":true,"workflowId":"zEPTZeqlkBLKlpLv","workflowName":"PR_Detection"}}
{"__type":"$$EventMessageConfirm","confirm":"678a9621-37cb-417c-8d48-6e8ea10a1b23","ts":"2025-07-05T01:15:32.732-04:00","source":{"id":"0","name":"eventBus"}}
{"__type":"$$EventMessageWorkflow","id":"4fccf687-fe11-4f70-bb0a-a3a6daf56d27","ts":"2025-07-05T01:17:26.194-04:00","eventName":"n8n.workflow.started","message":"n8n.workflow.started","payload":{"executionId":"4","workflowId":"zEPTZeqlkBLKlpLv","isManual":false,"workflowName":"PR_Detection"}}
{"__type":"$$EventMessageConfirm","confirm":"4fccf687-fe11-4f70-bb0a-a3a6daf56d27","ts":"2025-07-05T01:17:26.195-04:00","source":{"id":"0","name":"eventBus"}}
{"__type":"$$EventMessageNode","id":"4d803d37-f473-4366-a819-0c1487ed33d9","ts":"2025-07-05T01:17:26.198-04:00","eventName":"n8n.node.started","message":"n8n.node.started","payload":{"workflowId":"zEPTZeqlkBLKlpLv","workflowName":"PR_Detection","executionId":"4","nodeType":"n8n-nodes-base.code","nodeName":"Transform JSON","nodeId":"993c6c28-0fa9-45a4-be25-9e808d419c03"}}
{"__type":"$$EventMessageConfirm","confirm":"4d803d37-f473-4366-a819-0c1487ed33d9","ts":"2025-07-05T01:17:26.198-04:00","source":{"id":"0","name":"eventBus"}}
{"__type":"$$EventMessageRunner","id":"daaec219-6c20-4a8a-a911-121b107336e6","ts":"2025-07-05T01:17:26.224-04:00","eventName":"n8n.runner.task.requested","message":"n8n.runner.task.requested","payload":{"taskId":"9lm7Q2ce","nodeId":"993c6c28-0fa9-45a4-be25-9e808d419c03","workflowId":"zEPTZeqlkBLKlpLv","executionId":"4"}}
{"__type":"$$EventMessageConfirm","confirm":"daaec219-6c20-4a8a-a911-121b107336e6","ts":"2025-07-05T01:17:26.224-04:00","source":{"id":"0","name":"eventBus"}}
{"__type":"$$EventMessageRunner","id":"cdcc20ed-108e-420a-ae07-d3460dc73396","ts":"2025-07-05T01:17:26.254-04:00","eventName":"n8n.runner.response.received","message":"n8n.runner.response.received","payload":{"taskId":"9lm7Q2ce","nodeId":"993c6c28-0fa9-45a4-be25-9e808d419c03","workflowId":"zEPTZeqlkBLKlpLv","executionId":"4"}}
{"__type":"$$EventMessageConfirm","confirm":"cdcc20ed-108e-420a-ae07-d3460dc73396","ts":"2025-07-05T01:17:26.254-04:00","source":{"id":"0","name":"eventBus"}}
{"__type":"$$EventMessageNode","id":"a5bcd3a1-2a14-4bdd-b485-f9e5f1496645","ts":"2025-07-05T01:17:26.255-04:00","eventName":"n8n.node.finished","message":"n8n.node.finished","payload":{"workflowId":"zEPTZeqlkBLKlpLv","workflowName":"PR_Detection","executionId":"4","nodeType":"n8n-nodes-base.code","nodeName":"Transform JSON","nodeId":"993c6c28-0fa9-45a4-be25-9e808d419c03"}}
{"__type":"$$EventMessageConfirm","confirm":"a5bcd3a1-2a14-4bdd-b485-f9e5f1496645","ts":"2025-07-05T01:17:26.255-04:00","source":{"id":"0","name":"eventBus"}}
{"__type":"$$EventMessageWorkflow","id":"c824b0d3-94be-482f-9eb5-64dbf04e3cd1","ts":"2025-07-05T01:17:26.261-04:00","eventName":"n8n.workflow.success","message":"n8n.workflow.success","payload":{"userId":"22f189db-1624-40dd-b4f7-23e2180fe59f","executionId":"4","success":true,"isManual":true,"workflowId":"zEPTZeqlkBLKlpLv","workflowName":"PR_Detection"}}
{"__type":"$$EventMessageConfirm","confirm":"c824b0d3-94be-482f-9eb5-64dbf04e3cd1","ts":"2025-07-05T01:17:26.271-04:00","source":{"id":"0","name":"eventBus"}}
{"__type":"$$EventMessageWorkflow","id":"692302ef-80e8-4651-98b8-c2de16d265c7","ts":"2025-07-05T01:18:10.382-04:00","eventName":"n8n.workflow.started","message":"n8n.workflow.started","payload":{"executionId":"5","workflowId":"zEPTZeqlkBLKlpLv","isManual":false,"workflowName":"PR_Detection"}}
{"__type":"$$EventMessageConfirm","confirm":"692302ef-80e8-4651-98b8-c2de16d265c7","ts":"2025-07-05T01:18:10.383-04:00","source":{"id":"0","name":"eventBus"}}
{"__type":"$$EventMessageNode","id":"dfc67cad-545c-4623-9a12-f89a3b175991","ts":"2025-07-05T01:18:10.385-04:00","eventName":"n8n.node.started","message":"n8n.node.started","payload":{"workflowId":"zEPTZeqlkBLKlpLv","workflowName":"PR_Detection","executionId":"5","nodeType":"n8n-nodes-base.code","nodeName":"Transform JSON","nodeId":"993c6c28-0fa9-45a4-be25-9e808d419c03"}}
{"__type":"$$EventMessageConfirm","confirm":"dfc67cad-545c-4623-9a12-f89a3b175991","ts":"2025-07-05T01:18:10.386-04:00","source":{"id":"0","name":"eventBus"}}
{"__type":"$$EventMessageRunner","id":"aa38147e-05fc-4ad4-8807-ed8ffc8f97ee","ts":"2025-07-05T01:18:10.402-04:00","eventName":"n8n.runner.task.requested","message":"n8n.runner.task.requested","payload":{"taskId":"UsEvZp_r","nodeId":"993c6c28-0fa9-45a4-be25-9e808d419c03","workflowId":"zEPTZeqlkBLKlpLv","executionId":"5"}}
{"__type":"$$EventMessageConfirm","confirm":"aa38147e-05fc-4ad4-8807-ed8ffc8f97ee","ts":"2025-07-05T01:18:10.403-04:00","source":{"id":"0","name":"eventBus"}}
{"__type":"$$EventMessageRunner","id":"9b41e877-7136-4cbd-9def-7b4125d77a28","ts":"2025-07-05T01:18:10.441-04:00","eventName":"n8n.runner.response.received","message":"n8n.runner.response.received","payload":{"taskId":"UsEvZp_r","nodeId":"993c6c28-0fa9-45a4-be25-9e808d419c03","workflowId":"zEPTZeqlkBLKlpLv","executionId":"5"}}
{"__type":"$$EventMessageConfirm","confirm":"9b41e877-7136-4cbd-9def-7b4125d77a28","ts":"2025-07-05T01:18:10.441-04:00","source":{"id":"0","name":"eventBus"}}
{"__type":"$$EventMessageNode","id":"f7e8ffc9-dd02-4991-9c42-5dc2da88bed7","ts":"2025-07-05T01:18:10.442-04:00","eventName":"n8n.node.finished","message":"n8n.node.finished","payload":{"workflowId":"zEPTZeqlkBLKlpLv","workflowName":"PR_Detection","executionId":"5","nodeType":"n8n-nodes-base.code","nodeName":"Transform JSON","nodeId":"993c6c28-0fa9-45a4-be25-9e808d419c03"}}
{"__type":"$$EventMessageConfirm","confirm":"f7e8ffc9-dd02-4991-9c42-5dc2da88bed7","ts":"2025-07-05T01:18:10.442-04:00","source":{"id":"0","name":"eventBus"}}
{"__type":"$$EventMessageWorkflow","id":"d1a0432a-df17-4fc4-ad9b-a1f6b7d70369","ts":"2025-07-05T01:18:10.447-04:00","eventName":"n8n.workflow.success","message":"n8n.workflow.success","payload":{"userId":"22f189db-1624-40dd-b4f7-23e2180fe59f","executionId":"5","success":true,"isManual":true,"workflowId":"zEPTZeqlkBLKlpLv","workflowName":"PR_Detection"}}
{"__type":"$$EventMessageConfirm","confirm":"d1a0432a-df17-4fc4-ad9b-a1f6b7d70369","ts":"2025-07-05T01:18:10.447-04:00","source":{"id":"0","name":"eventBus"}}
{"__type":"$$EventMessageWorkflow","id":"8b66a127-b71e-4fb2-a98a-f8a0f7a1a69d","ts":"2025-07-05T01:19:11.411-04:00","eventName":"n8n.workflow.started","message":"n8n.workflow.started","payload":{"executionId":"6","workflowId":"zEPTZeqlkBLKlpLv","isManual":false,"workflowName":"PR_Detection"}}
{"__type":"$$EventMessageConfirm","confirm":"8b66a127-b71e-4fb2-a98a-f8a0f7a1a69d","ts":"2025-07-05T01:19:11.411-04:00","source":{"id":"0","name":"eventBus"}}
{"__type":"$$EventMessageNode","id":"19371bb8-04d5-4631-9738-290c3f17d7bc","ts":"2025-07-05T01:19:11.413-04:00","eventName":"n8n.node.started","message":"n8n.node.started","payload":{"workflowId":"zEPTZeqlkBLKlpLv","workflowName":"PR_Detection","executionId":"6","nodeType":"n8n-nodes-base.convertToFile","nodeName":"Convert to File","nodeId":"ff33a0d3-c5bc-4ae9-b79b-eccb90c867ad"}}
{"__type":"$$EventMessageConfirm","confirm":"19371bb8-04d5-4631-9738-290c3f17d7bc","ts":"2025-07-05T01:19:11.413-04:00","source":{"id":"0","name":"eventBus"}}
{"__type":"$$EventMessageNode","id":"9eb1b795-2079-4a7a-b3fa-027f9fc39b68","ts":"2025-07-05T01:19:11.429-04:00","eventName":"n8n.node.finished","message":"n8n.node.finished","payload":{"workflowId":"zEPTZeqlkBLKlpLv","workflowName":"PR_Detection","executionId":"6","nodeType":"n8n-nodes-base.convertToFile","nodeName":"Convert to File","nodeId":"ff33a0d3-c5bc-4ae9-b79b-eccb90c867ad"}}
{"__type":"$$EventMessageConfirm","confirm":"9eb1b795-2079-4a7a-b3fa-027f9fc39b68","ts":"2025-07-05T01:19:11.429-04:00","source":{"id":"0","name":"eventBus"}}
{"__type":"$$EventMessageWorkflow","id":"be09ba18-ffbe-4d9b-a98c-f5132513e0de","ts":"2025-07-05T01:19:11.456-04:00","eventName":"n8n.workflow.success","message":"n8n.workflow.success","payload":{"userId":"22f189db-1624-40dd-b4f7-23e2180fe59f","executionId":"6","success":true,"isManual":true,"workflowId":"zEPTZeqlkBLKlpLv","workflowName":"PR_Detection"}}
{"__type":"$$EventMessageConfirm","confirm":"be09ba18-ffbe-4d9b-a98c-f5132513e0de","ts":"2025-07-05T01:19:11.456-04:00","source":{"id":"0","name":"eventBus"}}
{"__type":"$$EventMessageWorkflow","id":"91bf983d-8988-4c98-bdfa-c53c10fe394c","ts":"2025-07-05T01:19:14.740-04:00","eventName":"n8n.workflow.started","message":"n8n.workflow.started","payload":{"executionId":"7","workflowId":"zEPTZeqlkBLKlpLv","isManual":false,"workflowName":"PR_Detection"}}
{"__type":"$$EventMessageConfirm","confirm":"91bf983d-8988-4c98-bdfa-c53c10fe394c","ts":"2025-07-05T01:19:14.741-04:00","source":{"id":"0","name":"eventBus"}}
{"__type":"$$EventMessageNode","id":"d9b93886-d8e3-4a90-8755-a92bb8f46423","ts":"2025-07-05T01:19:14.744-04:00","eventName":"n8n.node.started","message":"n8n.node.started","payload":{"workflowId":"zEPTZeqlkBLKlpLv","workflowName":"PR_Detection","executionId":"7","nodeType":"n8n-nodes-base.readWriteFile","nodeName":"Read/Write Files from Disk","nodeId":"a4e3611d-71ca-491b-bc82-824a3ea9ff2f"}}
{"__type":"$$EventMessageConfirm","confirm":"d9b93886-d8e3-4a90-8755-a92bb8f46423","ts":"2025-07-05T01:19:14.753-04:00","source":{"id":"0","name":"eventBus"}}
{"__type":"$$EventMessageNode","id":"ee437bd6-4786-4b7e-a6e3-c272c90102b2","ts":"2025-07-05T01:19:14.761-04:00","eventName":"n8n.node.finished","message":"n8n.node.finished","payload":{"workflowId":"zEPTZeqlkBLKlpLv","workflowName":"PR_Detection","executionId":"7","nodeType":"n8n-nodes-base.readWriteFile","nodeName":"Read/Write Files from Disk","nodeId":"a4e3611d-71ca-491b-bc82-824a3ea9ff2f"}}
{"__type":"$$EventMessageConfirm","confirm":"ee437bd6-4786-4b7e-a6e3-c272c90102b2","ts":"2025-07-05T01:19:14.761-04:00","source":{"id":"0","name":"eventBus"}}
{"__type":"$$EventMessageWorkflow","id":"0b947917-450c-46f7-8cd6-50e28ac35087","ts":"2025-07-05T01:19:14.777-04:00","eventName":"n8n.workflow.failed","message":"n8n.workflow.failed","payload":{"userId":"22f189db-1624-40dd-b4f7-23e2180fe59f","executionId":"7","success":false,"isManual":true,"workflowId":"zEPTZeqlkBLKlpLv","workflowName":"PR_Detection","lastNodeExecuted":"Read/Write Files from Disk","errorNodeType":"n8n-nodes-base.readWriteFile","errorMessage":"The file \"/home/node/.n8n/logs/pr_logs.json\" is not writable."}}
{"__type":"$$EventMessageConfirm","confirm":"0b947917-450c-46f7-8cd6-50e28ac35087","ts":"2025-07-05T01:19:14.777-04:00","source":{"id":"0","name":"eventBus"}}
{"__type":"$$EventMessageWorkflow","id":"34572ad6-9300-485d-933c-f24846bcf41e","ts":"2025-07-05T01:21:18.247-04:00","eventName":"n8n.workflow.started","message":"n8n.workflow.started","payload":{"executionId":"8","workflowId":"zEPTZeqlkBLKlpLv","isManual":false,"workflowName":"PR_Detection"}}
{"__type":"$$EventMessageConfirm","confirm":"34572ad6-9300-485d-933c-f24846bcf41e","ts":"2025-07-05T01:21:18.248-04:00","source":{"id":"0","name":"eventBus"}}
{"__type":"$$EventMessageNode","id":"ee1b1532-36da-4636-ac2b-173a3acaf388","ts":"2025-07-05T01:21:18.250-04:00","eventName":"n8n.node.started","message":"n8n.node.started","payload":{"workflowId":"zEPTZeqlkBLKlpLv","workflowName":"PR_Detection","executionId":"8","nodeType":"n8n-nodes-base.readWriteFile","nodeName":"Read/Write Files from Disk","nodeId":"a4e3611d-71ca-491b-bc82-824a3ea9ff2f"}}
{"__type":"$$EventMessageConfirm","confirm":"ee1b1532-36da-4636-ac2b-173a3acaf388","ts":"2025-07-05T01:21:18.250-04:00","source":{"id":"0","name":"eventBus"}}
{"__type":"$$EventMessageNode","id":"31488e4e-005f-4069-8f44-a1c8c79c18db","ts":"2025-07-05T01:21:18.267-04:00","eventName":"n8n.node.finished","message":"n8n.node.finished","payload":{"workflowId":"zEPTZeqlkBLKlpLv","workflowName":"PR_Detection","executionId":"8","nodeType":"n8n-nodes-base.readWriteFile","nodeName":"Read/Write Files from Disk","nodeId":"a4e3611d-71ca-491b-bc82-824a3ea9ff2f"}}
{"__type":"$$EventMessageConfirm","confirm":"31488e4e-005f-4069-8f44-a1c8c79c18db","ts":"2025-07-05T01:21:18.267-04:00","source":{"id":"0","name":"eventBus"}}
{"__type":"$$EventMessageWorkflow","id":"3d0f41f7-8f15-4e45-b72d-f4e9219962e9","ts":"2025-07-05T01:21:18.282-04:00","eventName":"n8n.workflow.failed","message":"n8n.workflow.failed","payload":{"userId":"22f189db-1624-40dd-b4f7-23e2180fe59f","executionId":"8","success":false,"isManual":true,"workflowId":"zEPTZeqlkBLKlpLv","workflowName":"PR_Detection","lastNodeExecuted":"Read/Write Files from Disk","errorNodeType":"n8n-nodes-base.readWriteFile","errorMessage":"The file \"/home/node/.n8n/logs/pr_logs.json\" is not writable."}}
{"__type":"$$EventMessageConfirm","confirm":"3d0f41f7-8f15-4e45-b72d-f4e9219962e9","ts":"2025-07-05T01:21:18.283-04:00","source":{"id":"0","name":"eventBus"}}
{"__type":"$$EventMessageWorkflow","id":"4f647aa8-9748-4752-94a0-fb651cde42ce","ts":"2025-07-05T01:21:32.033-04:00","eventName":"n8n.workflow.started","message":"n8n.workflow.started","payload":{"executionId":"9","workflowId":"zEPTZeqlkBLKlpLv","isManual":false,"workflowName":"PR_Detection"}}
{"__type":"$$EventMessageConfirm","confirm":"4f647aa8-9748-4752-94a0-fb651cde42ce","ts":"2025-07-05T01:21:32.034-04:00","source":{"id":"0","name":"eventBus"}}
{"__type":"$$EventMessageNode","id":"41e0da9f-632d-46cc-8376-71511b46d452","ts":"2025-07-05T01:21:32.036-04:00","eventName":"n8n.node.started","message":"n8n.node.started","payload":{"workflowId":"zEPTZeqlkBLKlpLv","workflowName":"PR_Detection","executionId":"9","nodeType":"n8n-nodes-base.webhook","nodeName":"Webhook","nodeId":"37d96635-2b9a-4628-a097-3006a8e891a5"}}
{"__type":"$$EventMessageConfirm","confirm":"41e0da9f-632d-46cc-8376-71511b46d452","ts":"2025-07-05T01:21:32.036-04:00","source":{"id":"0","name":"eventBus"}}
{"__type":"$$EventMessageNode","id":"c20b31a2-2eb1-474f-bae3-7ade43e4c60f","ts":"2025-07-05T01:21:32.038-04:00","eventName":"n8n.node.finished","message":"n8n.node.finished","payload":{"workflowId":"zEPTZeqlkBLKlpLv","workflowName":"PR_Detection","executionId":"9","nodeType":"n8n-nodes-base.webhook","nodeName":"Webhook","nodeId":"37d96635-2b9a-4628-a097-3006a8e891a5"}}
{"__type":"$$EventMessageConfirm","confirm":"c20b31a2-2eb1-474f-bae3-7ade43e4c60f","ts":"2025-07-05T01:21:32.038-04:00","source":{"id":"0","name":"eventBus"}}
{"__type":"$$EventMessageNode","id":"e7baeb11-15f0-4313-9f31-ce71a86b4b84","ts":"2025-07-05T01:21:32.039-04:00","eventName":"n8n.node.started","message":"n8n.node.started","payload":{"workflowId":"zEPTZeqlkBLKlpLv","workflowName":"PR_Detection","executionId":"9","nodeType":"n8n-nodes-base.set","nodeName":"Debug Input","nodeId":"188731df-d067-4b01-848b-1bc6210634a1"}}
{"__type":"$$EventMessageConfirm","confirm":"e7baeb11-15f0-4313-9f31-ce71a86b4b84","ts":"2025-07-05T01:21:32.039-04:00","source":{"id":"0","name":"eventBus"}}
{"__type":"$$EventMessageNode","id":"d0ddb863-feec-44a6-a263-dcd1bfe119ec","ts":"2025-07-05T01:21:32.041-04:00","eventName":"n8n.node.finished","message":"n8n.node.finished","payload":{"workflowId":"zEPTZeqlkBLKlpLv","workflowName":"PR_Detection","executionId":"9","nodeType":"n8n-nodes-base.set","nodeName":"Debug Input","nodeId":"188731df-d067-4b01-848b-1bc6210634a1"}}
{"__type":"$$EventMessageConfirm","confirm":"d0ddb863-feec-44a6-a263-dcd1bfe119ec","ts":"2025-07-05T01:21:32.042-04:00","source":{"id":"0","name":"eventBus"}}
{"__type":"$$EventMessageNode","id":"7bea994e-59a5-47d9-be04-5a339d56adcf","ts":"2025-07-05T01:21:32.042-04:00","eventName":"n8n.node.started","message":"n8n.node.started","payload":{"workflowId":"zEPTZeqlkBLKlpLv","workflowName":"PR_Detection","executionId":"9","nodeType":"n8n-nodes-base.set","nodeName":"Set","nodeId":"7eff4a9e-141e-43ee-b2a7-0eb396e2269d"}}
{"__type":"$$EventMessageConfirm","confirm":"7bea994e-59a5-47d9-be04-5a339d56adcf","ts":"2025-07-05T01:21:32.043-04:00","source":{"id":"0","name":"eventBus"}}
{"__type":"$$EventMessageNode","id":"cefc575e-b3a5-426b-a9bd-be4625ef5c14","ts":"2025-07-05T01:21:32.057-04:00","eventName":"n8n.node.finished","message":"n8n.node.finished","payload":{"workflowId":"zEPTZeqlkBLKlpLv","workflowName":"PR_Detection","executionId":"9","nodeType":"n8n-nodes-base.set","nodeName":"Set","nodeId":"7eff4a9e-141e-43ee-b2a7-0eb396e2269d"}}
{"__type":"$$EventMessageConfirm","confirm":"cefc575e-b3a5-426b-a9bd-be4625ef5c14","ts":"2025-07-05T01:21:32.057-04:00","source":{"id":"0","name":"eventBus"}}
{"__type":"$$EventMessageNode","id":"7661edbc-2eef-4082-8969-a29c04e1b203","ts":"2025-07-05T01:21:32.070-04:00","eventName":"n8n.node.started","message":"n8n.node.started","payload":{"workflowId":"zEPTZeqlkBLKlpLv","workflowName":"PR_Detection","executionId":"9","nodeType":"n8n-nodes-base.httpRequest","nodeName":"HTTP Request","nodeId":"14a8c78c-bccd-4149-9075-4eb897a32f3d"}}
{"__type":"$$EventMessageConfirm","confirm":"7661edbc-2eef-4082-8969-a29c04e1b203","ts":"2025-07-05T01:21:32.071-04:00","source":{"id":"0","name":"eventBus"}}
{"__type":"$$EventMessageNode","id":"b3f50468-b267-4d9e-9d62-e6697a7dd1e1","ts":"2025-07-05T01:21:32.685-04:00","eventName":"n8n.node.finished","message":"n8n.node.finished","payload":{"workflowId":"zEPTZeqlkBLKlpLv","workflowName":"PR_Detection","executionId":"9","nodeType":"n8n-nodes-base.httpRequest","nodeName":"HTTP Request","nodeId":"14a8c78c-bccd-4149-9075-4eb897a32f3d"}}
{"__type":"$$EventMessageConfirm","confirm":"b3f50468-b267-4d9e-9d62-e6697a7dd1e1","ts":"2025-07-05T01:21:32.685-04:00","source":{"id":"0","name":"eventBus"}}
{"__type":"$$EventMessageNode","id":"d83624a0-abe2-4848-8eb1-8f91e921db50","ts":"2025-07-05T01:21:32.686-04:00","eventName":"n8n.node.started","message":"n8n.node.started","payload":{"workflowId":"zEPTZeqlkBLKlpLv","workflowName":"PR_Detection","executionId":"9","nodeType":"n8n-nodes-base.code","nodeName":"Transform JSON","nodeId":"993c6c28-0fa9-45a4-be25-9e808d419c03"}}
{"__type":"$$EventMessageConfirm","confirm":"d83624a0-abe2-4848-8eb1-8f91e921db50","ts":"2025-07-05T01:21:32.686-04:00","source":{"id":"0","name":"eventBus"}}
{"__type":"$$EventMessageRunner","id":"a177d03a-d50a-4a70-ba79-c3c4a56fe583","ts":"2025-07-05T01:21:32.689-04:00","eventName":"n8n.runner.task.requested","message":"n8n.runner.task.requested","payload":{"taskId":"dVoGBrvt","nodeId":"993c6c28-0fa9-45a4-be25-9e808d419c03","workflowId":"zEPTZeqlkBLKlpLv","executionId":"9"}}
{"__type":"$$EventMessageConfirm","confirm":"a177d03a-d50a-4a70-ba79-c3c4a56fe583","ts":"2025-07-05T01:21:32.689-04:00","source":{"id":"0","name":"eventBus"}}
{"__type":"$$EventMessageRunner","id":"29e98eb4-a91a-4a25-837c-3fddb6f2ee58","ts":"2025-07-05T01:21:32.714-04:00","eventName":"n8n.runner.response.received","message":"n8n.runner.response.received","payload":{"taskId":"dVoGBrvt","nodeId":"993c6c28-0fa9-45a4-be25-9e808d419c03","workflowId":"zEPTZeqlkBLKlpLv","executionId":"9"}}
{"__type":"$$EventMessageConfirm","confirm":"29e98eb4-a91a-4a25-837c-3fddb6f2ee58","ts":"2025-07-05T01:21:32.715-04:00","source":{"id":"0","name":"eventBus"}}
{"__type":"$$EventMessageNode","id":"5be687e6-c30f-4901-87ae-ca9d559a42e8","ts":"2025-07-05T01:21:32.715-04:00","eventName":"n8n.node.finished","message":"n8n.node.finished","payload":{"workflowId":"zEPTZeqlkBLKlpLv","workflowName":"PR_Detection","executionId":"9","nodeType":"n8n-nodes-base.code","nodeName":"Transform JSON","nodeId":"993c6c28-0fa9-45a4-be25-9e808d419c03"}}
{"__type":"$$EventMessageConfirm","confirm":"5be687e6-c30f-4901-87ae-ca9d559a42e8","ts":"2025-07-05T01:21:32.716-04:00","source":{"id":"0","name":"eventBus"}}
{"__type":"$$EventMessageNode","id":"4a12da48-48f2-42aa-9ef2-c53aba8fc028","ts":"2025-07-05T01:21:32.717-04:00","eventName":"n8n.node.started","message":"n8n.node.started","payload":{"workflowId":"zEPTZeqlkBLKlpLv","workflowName":"PR_Detection","executionId":"9","nodeType":"n8n-nodes-base.convertToFile","nodeName":"Convert to File","nodeId":"ff33a0d3-c5bc-4ae9-b79b-eccb90c867ad"}}
{"__type":"$$EventMessageConfirm","confirm":"4a12da48-48f2-42aa-9ef2-c53aba8fc028","ts":"2025-07-05T01:21:32.717-04:00","source":{"id":"0","name":"eventBus"}}
{"__type":"$$EventMessageNode","id":"d4b2b08a-6ac6-4bb5-b7f4-3cc44e3e6b0b","ts":"2025-07-05T01:21:32.720-04:00","eventName":"n8n.node.finished","message":"n8n.node.finished","payload":{"workflowId":"zEPTZeqlkBLKlpLv","workflowName":"PR_Detection","executionId":"9","nodeType":"n8n-nodes-base.convertToFile","nodeName":"Convert to File","nodeId":"ff33a0d3-c5bc-4ae9-b79b-eccb90c867ad"}}
{"__type":"$$EventMessageConfirm","confirm":"d4b2b08a-6ac6-4bb5-b7f4-3cc44e3e6b0b","ts":"2025-07-05T01:21:32.720-04:00","source":{"id":"0","name":"eventBus"}}
{"__type":"$$EventMessageNode","id":"818815aa-4315-4eef-bbe2-25bf5f2600cc","ts":"2025-07-05T01:21:32.721-04:00","eventName":"n8n.node.started","message":"n8n.node.started","payload":{"workflowId":"zEPTZeqlkBLKlpLv","workflowName":"PR_Detection","executionId":"9","nodeType":"n8n-nodes-base.readWriteFile","nodeName":"Read/Write Files from Disk","nodeId":"a4e3611d-71ca-491b-bc82-824a3ea9ff2f"}}
{"__type":"$$EventMessageConfirm","confirm":"818815aa-4315-4eef-bbe2-25bf5f2600cc","ts":"2025-07-05T01:21:32.721-04:00","source":{"id":"0","name":"eventBus"}}
{"__type":"$$EventMessageNode","id":"84cd023c-bddb-4e8c-94f9-c5a5c4caa01d","ts":"2025-07-05T01:21:32.730-04:00","eventName":"n8n.node.finished","message":"n8n.node.finished","payload":{"workflowId":"zEPTZeqlkBLKlpLv","workflowName":"PR_Detection","executionId":"9","nodeType":"n8n-nodes-base.readWriteFile","nodeName":"Read/Write Files from Disk","nodeId":"a4e3611d-71ca-491b-bc82-824a3ea9ff2f"}}
{"__type":"$$EventMessageConfirm","confirm":"84cd023c-bddb-4e8c-94f9-c5a5c4caa01d","ts":"2025-07-05T01:21:32.731-04:00","source":{"id":"0","name":"eventBus"}}
{"__type":"$$EventMessageWorkflow","id":"19957404-7dac-4bbd-b89a-29c296022f72","ts":"2025-07-05T01:21:32.738-04:00","eventName":"n8n.workflow.failed","message":"n8n.workflow.failed","payload":{"executionId":"9","success":false,"isManual":true,"workflowId":"zEPTZeqlkBLKlpLv","workflowName":"PR_Detection","lastNodeExecuted":"Read/Write Files from Disk","errorNodeType":"n8n-nodes-base.readWriteFile","errorMessage":"The file \"/home/node/.n8n/logs/pr_logs.json\" is not writable."}}
{"__type":"$$EventMessageConfirm","confirm":"19957404-7dac-4bbd-b89a-29c296022f72","ts":"2025-07-05T01:21:32.738-04:00","source":{"id":"0","name":"eventBus"}}
{"__type":"$$EventMessageWorkflow","id":"ca854772-330a-48d0-b750-53566f640d18","ts":"2025-07-05T01:22:00.635-04:00","eventName":"n8n.workflow.started","message":"n8n.workflow.started","payload":{"executionId":"10","workflowId":"zEPTZeqlkBLKlpLv","isManual":false,"workflowName":"PR_Detection"}}
{"__type":"$$EventMessageConfirm","confirm":"ca854772-330a-48d0-b750-53566f640d18","ts":"2025-07-05T01:22:00.635-04:00","source":{"id":"0","name":"eventBus"}}
{"__type":"$$EventMessageNode","id":"960e7514-f200-4e20-80f3-8e2988bd1131","ts":"2025-07-05T01:22:00.637-04:00","eventName":"n8n.node.started","message":"n8n.node.started","payload":{"workflowId":"zEPTZeqlkBLKlpLv","workflowName":"PR_Detection","executionId":"10","nodeType":"n8n-nodes-base.convertToFile","nodeName":"Convert to File","nodeId":"ff33a0d3-c5bc-4ae9-b79b-eccb90c867ad"}}
{"__type":"$$EventMessageConfirm","confirm":"960e7514-f200-4e20-80f3-8e2988bd1131","ts":"2025-07-05T01:22:00.638-04:00","source":{"id":"0","name":"eventBus"}}
{"__type":"$$EventMessageNode","id":"e26ed0ed-6cab-4503-a032-2f1af40531cf","ts":"2025-07-05T01:22:00.642-04:00","eventName":"n8n.node.finished","message":"n8n.node.finished","payload":{"workflowId":"zEPTZeqlkBLKlpLv","workflowName":"PR_Detection","executionId":"10","nodeType":"n8n-nodes-base.convertToFile","nodeName":"Convert to File","nodeId":"ff33a0d3-c5bc-4ae9-b79b-eccb90c867ad"}}
{"__type":"$$EventMessageConfirm","confirm":"e26ed0ed-6cab-4503-a032-2f1af40531cf","ts":"2025-07-05T01:22:00.642-04:00","source":{"id":"0","name":"eventBus"}}
{"__type":"$$EventMessageWorkflow","id":"40d1bf77-a26e-4592-924c-bcee8652ec8a","ts":"2025-07-05T01:22:00.647-04:00","eventName":"n8n.workflow.success","message":"n8n.workflow.success","payload":{"userId":"22f189db-1624-40dd-b4f7-23e2180fe59f","executionId":"10","success":true,"isManual":true,"workflowId":"zEPTZeqlkBLKlpLv","workflowName":"PR_Detection"}}
{"__type":"$$EventMessageConfirm","confirm":"40d1bf77-a26e-4592-924c-bcee8652ec8a","ts":"2025-07-05T01:22:00.647-04:00","source":{"id":"0","name":"eventBus"}}
{"__type":"$$EventMessageWorkflow","id":"9882b65e-f297-4920-ae32-3f30bf203a1d","ts":"2025-07-05T01:22:23.361-04:00","eventName":"n8n.workflow.started","message":"n8n.workflow.started","payload":{"executionId":"11","workflowId":"zEPTZeqlkBLKlpLv","isManual":false,"workflowName":"PR_Detection"}}
{"__type":"$$EventMessageConfirm","confirm":"9882b65e-f297-4920-ae32-3f30bf203a1d","ts":"2025-07-05T01:22:23.361-04:00","source":{"id":"0","name":"eventBus"}}
{"__type":"$$EventMessageNode","id":"747f1690-6404-4cdd-ba67-b45c44eb0b81","ts":"2025-07-05T01:22:23.373-04:00","eventName":"n8n.node.started","message":"n8n.node.started","payload":{"workflowId":"zEPTZeqlkBLKlpLv","workflowName":"PR_Detection","executionId":"11","nodeType":"n8n-nodes-base.convertToFile","nodeName":"Convert to File","nodeId":"ff33a0d3-c5bc-4ae9-b79b-eccb90c867ad"}}
{"__type":"$$EventMessageConfirm","confirm":"747f1690-6404-4cdd-ba67-b45c44eb0b81","ts":"2025-07-05T01:22:23.374-04:00","source":{"id":"0","name":"eventBus"}}
{"__type":"$$EventMessageNode","id":"61959d06-7082-4392-9062-bc59cbe9b82a","ts":"2025-07-05T01:22:23.379-04:00","eventName":"n8n.node.finished","message":"n8n.node.finished","payload":{"workflowId":"zEPTZeqlkBLKlpLv","workflowName":"PR_Detection","executionId":"11","nodeType":"n8n-nodes-base.convertToFile","nodeName":"Convert to File","nodeId":"ff33a0d3-c5bc-4ae9-b79b-eccb90c867ad"}}
{"__type":"$$EventMessageConfirm","confirm":"61959d06-7082-4392-9062-bc59cbe9b82a","ts":"2025-07-05T01:22:23.379-04:00","source":{"id":"0","name":"eventBus"}}
{"__type":"$$EventMessageWorkflow","id":"b4f7d4d5-83ab-4a53-9dfb-7a854afeb885","ts":"2025-07-05T01:22:23.410-04:00","eventName":"n8n.workflow.success","message":"n8n.workflow.success","payload":{"userId":"22f189db-1624-40dd-b4f7-23e2180fe59f","executionId":"11","success":true,"isManual":true,"workflowId":"zEPTZeqlkBLKlpLv","workflowName":"PR_Detection"}}
{"__type":"$$EventMessageConfirm","confirm":"b4f7d4d5-83ab-4a53-9dfb-7a854afeb885","ts":"2025-07-05T01:22:23.410-04:00","source":{"id":"0","name":"eventBus"}}
{"__type":"$$EventMessageWorkflow","id":"449e29b8-39e6-47ee-aeb2-98378c5b5497","ts":"2025-07-05T01:24:24.911-04:00","eventName":"n8n.workflow.started","message":"n8n.workflow.started","payload":{"executionId":"12","workflowId":"zEPTZeqlkBLKlpLv","isManual":false,"workflowName":"PR_Detection"}}
{"__type":"$$EventMessageConfirm","confirm":"449e29b8-39e6-47ee-aeb2-98378c5b5497","ts":"2025-07-05T01:24:24.912-04:00","source":{"id":"0","name":"eventBus"}}
{"__type":"$$EventMessageNode","id":"42efd3f7-3093-4bb1-9df0-f1c7916510dc","ts":"2025-07-05T01:24:24.914-04:00","eventName":"n8n.node.started","message":"n8n.node.started","payload":{"workflowId":"zEPTZeqlkBLKlpLv","workflowName":"PR_Detection","executionId":"12","nodeType":"n8n-nodes-base.convertToFile","nodeName":"Convert to File","nodeId":"ff33a0d3-c5bc-4ae9-b79b-eccb90c867ad"}}
{"__type":"$$EventMessageConfirm","confirm":"42efd3f7-3093-4bb1-9df0-f1c7916510dc","ts":"2025-07-05T01:24:24.914-04:00","source":{"id":"0","name":"eventBus"}}
{"__type":"$$EventMessageNode","id":"da707be7-3513-4727-9cdd-5af1fd5e303f","ts":"2025-07-05T01:24:24.919-04:00","eventName":"n8n.node.finished","message":"n8n.node.finished","payload":{"workflowId":"zEPTZeqlkBLKlpLv","workflowName":"PR_Detection","executionId":"12","nodeType":"n8n-nodes-base.convertToFile","nodeName":"Convert to File","nodeId":"ff33a0d3-c5bc-4ae9-b79b-eccb90c867ad"}}
{"__type":"$$EventMessageConfirm","confirm":"da707be7-3513-4727-9cdd-5af1fd5e303f","ts":"2025-07-05T01:24:24.919-04:00","source":{"id":"0","name":"eventBus"}}
{"__type":"$$EventMessageNode","id":"fe84d1a9-da42-41db-ad2f-f2a6dff17935","ts":"2025-07-05T01:24:24.929-04:00","eventName":"n8n.node.started","message":"n8n.node.started","payload":{"workflowId":"zEPTZeqlkBLKlpLv","workflowName":"PR_Detection","executionId":"12","nodeType":"n8n-nodes-base.readWriteFile","nodeName":"Read/Write Files from Disk","nodeId":"a4e3611d-71ca-491b-bc82-824a3ea9ff2f"}}
{"__type":"$$EventMessageConfirm","confirm":"fe84d1a9-da42-41db-ad2f-f2a6dff17935","ts":"2025-07-05T01:24:24.930-04:00","source":{"id":"0","name":"eventBus"}}
{"__type":"$$EventMessageNode","id":"43d2efd9-72f4-4dba-ac4a-cc07c33bb4df","ts":"2025-07-05T01:24:24.938-04:00","eventName":"n8n.node.finished","message":"n8n.node.finished","payload":{"workflowId":"zEPTZeqlkBLKlpLv","workflowName":"PR_Detection","executionId":"12","nodeType":"n8n-nodes-base.readWriteFile","nodeName":"Read/Write Files from Disk","nodeId":"a4e3611d-71ca-491b-bc82-824a3ea9ff2f"}}
{"__type":"$$EventMessageConfirm","confirm":"43d2efd9-72f4-4dba-ac4a-cc07c33bb4df","ts":"2025-07-05T01:24:24.939-04:00","source":{"id":"0","name":"eventBus"}}
{"__type":"$$EventMessageWorkflow","id":"9560f20e-e48c-465d-88bf-d7a65d292d4e","ts":"2025-07-05T01:24:24.954-04:00","eventName":"n8n.workflow.failed","message":"n8n.workflow.failed","payload":{"userId":"22f189db-1624-40dd-b4f7-23e2180fe59f","executionId":"12","success":false,"isManual":true,"workflowId":"zEPTZeqlkBLKlpLv","workflowName":"PR_Detection","lastNodeExecuted":"Read/Write Files from Disk","errorNodeType":"n8n-nodes-base.readWriteFile","errorMessage":"The file \"/home/node/.n8n/logs/pr_logs.json\" is not writable."}}
{"__type":"$$EventMessageConfirm","confirm":"9560f20e-e48c-465d-88bf-d7a65d292d4e","ts":"2025-07-05T01:24:24.954-04:00","source":{"id":"0","name":"eventBus"}}
